1513275479878	geckodriver	INFO	geckodriver 0.19.1
1513275479979	geckodriver	INFO	Listening on 127.0.0.1:50368
1513275481025	mozrunner::runner	INFO	Running command: "/Applications/Firefox.app/Contents/MacOS/firefox-bin" "-marionette" "-profile" "/var/folders/n5/d59dwg8s1ggbrnvbvk4tl4140000gn/T/rust_mozprofile.n9uReCifhyce"
1513275481797	Marionette	INFO	Enabled via --marionette
2017-12-15 03:18:02.960 plugin-container[20692:1199319] *** CFMessagePort: bootstrap_register(): failed 1100 (0x44c) 'Permission denied', port = 0x8343, name = 'com.apple.tsm.portname'
See /usr/include/servers/bootstrap_defs.h for the error codes.
1513275483566	Marionette	INFO	Listening on port 50383
1513275483655	Marionette	WARN	TLS certificate errors will be ignored for this session
1513275483720	Marionette	DEBUG	Register listener.js for window 2147483649
1513275581315	geckodriver	INFO	geckodriver 0.19.1
1513275581397	geckodriver	INFO	Listening on 127.0.0.1:50815
1513275582431	mozrunner::runner	INFO	Running command: "/Applications/Firefox.app/Contents/MacOS/firefox-bin" "-marionette" "-profile" "/var/folders/n5/d59dwg8s1ggbrnvbvk4tl4140000gn/T/rust_mozprofile.8omWzOTRaN4n"
1513275583023	Marionette	INFO	Enabled via --marionette
2017-12-15 03:19:44.074 plugin-container[20767:1201623] *** CFMessagePort: bootstrap_register(): failed 1100 (0x44c) 'Permission denied', port = 0x783f, name = 'com.apple.tsm.portname'
See /usr/include/servers/bootstrap_defs.h for the error codes.
1513275584573	Marionette	INFO	Listening on port 50826
1513275584636	Marionette	WARN	TLS certificate errors will be ignored for this session
1513275584709	Marionette	DEBUG	Register listener.js for window 2147483649
1513275584752	Marionette	DEBUG	Received DOM event "beforeunload" for "about:blank"
1513275587382	Marionette	DEBUG	Received DOM event "pagehide" for "about:blank"
1513275587382	Marionette	DEBUG	Received DOM event "unload" for "about:blank"
1513275587848	Marionette	DEBUG	Received DOM event "DOMContentLoaded" for "https://www.instagram.com/explore/tags/%EC%83%A4%EB%A1%9C%EC%88%98%EA%B8%B8/"
1513275588263	Marionette	DEBUG	Received DOM event "pageshow" for "https://www.instagram.com/explore/tags/%EC%83%A4%EB%A1%9C%EC%88%98%EA%B8%B8/"
1513275628646	geckodriver	INFO	geckodriver 0.19.1
1513275628749	geckodriver	INFO	Listening on 127.0.0.1:51088
1513275629771	mozrunner::runner	INFO	Running command: "/Applications/Firefox.app/Contents/MacOS/firefox-bin" "-marionette" "-profile" "/var/folders/n5/d59dwg8s1ggbrnvbvk4tl4140000gn/T/rust_mozprofile.jJCbBmC68JfM"
1513275630472	Marionette	INFO	Enabled via --marionette
2017-12-15 03:20:32.005 plugin-container[20821:1202899] *** CFMessagePort: bootstrap_register(): failed 1100 (0x44c) 'Permission denied', port = 0x7b03, name = 'com.apple.tsm.portname'
See /usr/include/servers/bootstrap_defs.h for the error codes.
1513275632666	Marionette	INFO	Listening on port 51105
1513275632778	Marionette	WARN	TLS certificate errors will be ignored for this session
1513275632869	Marionette	DEBUG	Register listener.js for window 2147483649
1513275632945	Marionette	DEBUG	Received DOM event "beforeunload" for "about:blank"
1513275634942	Marionette	DEBUG	Received DOM event "pagehide" for "about:blank"
1513275634943	Marionette	DEBUG	Received DOM event "unload" for "about:blank"
1513275635596	Marionette	DEBUG	Received DOM event "DOMContentLoaded" for "https://www.instagram.com/explore/tags/%EC%83%A4%EB%A1%9C%EC%88%98%EA%B8%B8/"
1513275636129	Marionette	DEBUG	Received DOM event "pageshow" for "https://www.instagram.com/explore/tags/%EC%83%A4%EB%A1%9C%EC%88%98%EA%B8%B8/"
1513275638148	Marionette	DEBUG	Received observer notification "outer-window-destroyed" for "2147483659"
1513275638642	Marionette	DEBUG	Canceled page load listener because no navigation has been detected
1513275833856	geckodriver	INFO	geckodriver 0.19.1
1513275833979	geckodriver	INFO	Listening on 127.0.0.1:52024
1513275835144	mozrunner::runner	INFO	Running command: "/Applications/Firefox.app/Contents/MacOS/firefox-bin" "-marionette" "-profile" "/var/folders/n5/d59dwg8s1ggbrnvbvk4tl4140000gn/T/rust_mozprofile.cA0xnbYoqp9I"
1513275836169	Marionette	INFO	Enabled via --marionette
2017-12-15 03:23:58.130 plugin-container[20950:1208161] *** CFMessagePort: bootstrap_register(): failed 1100 (0x44c) 'Permission denied', port = 0x7b03, name = 'com.apple.tsm.portname'
See /usr/include/servers/bootstrap_defs.h for the error codes.
1513275838992	Marionette	INFO	Listening on port 52037
1513275839009	Marionette	WARN	TLS certificate errors will be ignored for this session
1513275839125	Marionette	DEBUG	Register listener.js for window 2147483649
1513275839240	Marionette	DEBUG	Received DOM event "beforeunload" for "about:blank"
1513275841193	Marionette	DEBUG	Received DOM event "pagehide" for "about:blank"
1513275841193	Marionette	DEBUG	Received DOM event "unload" for "about:blank"
1513275841786	Marionette	DEBUG	Received DOM event "DOMContentLoaded" for "https://www.instagram.com/explore/tags/%EC%83%A4%EB%A1%9C%EC%88%98%EA%B8%B8/"
1513275842231	Marionette	DEBUG	Received DOM event "pageshow" for "https://www.instagram.com/explore/tags/%EC%83%A4%EB%A1%9C%EC%88%98%EA%B8%B8/"
1513275844178	Marionette	DEBUG	Canceled page load listener because no navigation has been detected
1513275909253	geckodriver	INFO	geckodriver 0.19.1
1513275909365	geckodriver	INFO	Listening on 127.0.0.1:52438
1513275910417	mozrunner::runner	INFO	Running command: "/Applications/Firefox.app/Contents/MacOS/firefox-bin" "-marionette" "-profile" "/var/folders/n5/d59dwg8s1ggbrnvbvk4tl4140000gn/T/rust_mozprofile.sy7vuylfvoxF"
1513275911233	Marionette	INFO	Enabled via --marionette
2017-12-15 03:25:12.915 plugin-container[21020:1209870] *** CFMessagePort: bootstrap_register(): failed 1100 (0x44c) 'Permission denied', port = 0x7943, name = 'com.apple.tsm.portname'
See /usr/include/servers/bootstrap_defs.h for the error codes.
1513275913615	Marionette	INFO	Listening on port 52451
1513275913729	Marionette	WARN	TLS certificate errors will be ignored for this session
1513275913839	Marionette	DEBUG	Register listener.js for window 2147483649
1513275913925	Marionette	DEBUG	Received DOM event "beforeunload" for "about:blank"
1513275915935	Marionette	DEBUG	Received DOM event "pagehide" for "about:blank"
1513275915937	Marionette	DEBUG	Received DOM event "unload" for "about:blank"
1513275916709	Marionette	DEBUG	Received DOM event "DOMContentLoaded" for "https://www.instagram.com/explore/tags/%EC%83%A4%EB%A1%9C%EC%88%98%EA%B8%B8/"
1513275917546	Marionette	DEBUG	Received DOM event "pageshow" for "https://www.instagram.com/explore/tags/%EC%83%A4%EB%A1%9C%EC%88%98%EA%B8%B8/"
1513275920462	Marionette	DEBUG	Received observer notification "outer-window-destroyed" for "2147483659"
1513275920471	Marionette	DEBUG	Canceled page load listener because no navigation has been detected
1513275934933	geckodriver	INFO	geckodriver 0.19.1
1513275935186	geckodriver	INFO	Listening on 127.0.0.1:52608
1513275936420	mozrunner::runner	INFO	Running command: "/Applications/Firefox.app/Contents/MacOS/firefox-bin" "-marionette" "-profile" "/var/folders/n5/d59dwg8s1ggbrnvbvk4tl4140000gn/T/rust_mozprofile.DhPMOtRU5js6"
1513275939536	Marionette	INFO	Enabled via --marionette
2017-12-15 03:25:46.007 plugin-container[21073:1211394] *** CFMessagePort: bootstrap_register(): failed 1100 (0x44c) 'Permission denied', port = 0x7947, name = 'com.apple.tsm.portname'
See /usr/include/servers/bootstrap_defs.h for the error codes.

###!!! [Child][RunMessage] Error: Channel closing: too late to send/recv, messages will be lost

1513275947782	Marionette	INFO	Listening on port 52626
1513275947842	Marionette	WARN	TLS certificate errors will be ignored for this session
1513275948007	Marionette	DEBUG	Register listener.js for window 2147483649
1513275948274	Marionette	DEBUG	Received DOM event "beforeunload" for "about:blank"
1513275950896	Marionette	DEBUG	Received DOM event "pagehide" for "about:blank"
1513275950896	Marionette	DEBUG	Received DOM event "unload" for "about:blank"
1513275952203	Marionette	DEBUG	Received DOM event "DOMContentLoaded" for "https://www.instagram.com/explore/tags/%EC%83%A4%EB%A1%9C%EC%88%98%EA%B8%B8/"
1513275953007	Marionette	DEBUG	Received DOM event "pageshow" for "https://www.instagram.com/explore/tags/%EC%83%A4%EB%A1%9C%EC%88%98%EA%B8%B8/"
*** UTM:SVC TimerManager:registerTimer called after profile-before-change notification. Ignoring timer registration for id: telemetry_modules_ping
1513275954706	Marionette	DEBUG	Received observer notification "outer-window-destroyed" for "2147483659"
1513275954719	Marionette	DEBUG	Canceled page load listener because no navigation has been detected
1513275979706	geckodriver	INFO	geckodriver 0.19.1
1513275979835	geckodriver	INFO	Listening on 127.0.0.1:53027
1513275980900	mozrunner::runner	INFO	Running command: "/Applications/Firefox.app/Contents/MacOS/firefox-bin" "-marionette" "-profile" "/var/folders/n5/d59dwg8s1ggbrnvbvk4tl4140000gn/T/rust_mozprofile.TB8glQbIYC9U"
1513275981843	Marionette	INFO	Enabled via --marionette
2017-12-15 03:26:23.852 plugin-container[21132:1212730] *** CFMessagePort: bootstrap_register(): failed 1100 (0x44c) 'Permission denied', port = 0x7e0b, name = 'com.apple.tsm.portname'
See /usr/include/servers/bootstrap_defs.h for the error codes.
1513275984928	Marionette	INFO	Listening on port 53040
1513275985026	Marionette	WARN	TLS certificate errors will be ignored for this session
1513275985193	Marionette	DEBUG	Register listener.js for window 2147483649
1513275985355	Marionette	DEBUG	Received DOM event "beforeunload" for "about:blank"
*** UTM:SVC TimerManager:registerTimer called after profile-before-change notification. Ignoring timer registration for id: telemetry_modules_ping
1513275987918	Marionette	DEBUG	Received DOM event "pagehide" for "about:blank"
1513275987918	Marionette	DEBUG	Received DOM event "unload" for "about:blank"
1513275989239	Marionette	DEBUG	Received DOM event "DOMContentLoaded" for "https://www.instagram.com/explore/tags/%EC%83%A4%EB%A1%9C%EC%88%98%EA%B8%B8/"
1513275989826	Marionette	DEBUG	Received DOM event "pageshow" for "https://www.instagram.com/explore/tags/%EC%83%A4%EB%A1%9C%EC%88%98%EA%B8%B8/"
1513275991581	Marionette	DEBUG	Received observer notification "outer-window-destroyed" for "2147483659"
1513275991865	Marionette	DEBUG	Canceled page load listener because no navigation has been detected
1513276132463	geckodriver	INFO	geckodriver 0.19.1
1513276132577	geckodriver	INFO	Listening on 127.0.0.1:53836
1513276133630	mozrunner::runner	INFO	Running command: "/Applications/Firefox.app/Contents/MacOS/firefox-bin" "-marionette" "-profile" "/var/folders/n5/d59dwg8s1ggbrnvbvk4tl4140000gn/T/rust_mozprofile.vGcmAyLJB83u"
1513276134351	Marionette	INFO	Enabled via --marionette
2017-12-15 03:28:55.760 plugin-container[21337:1218232] *** CFMessagePort: bootstrap_register(): failed 1100 (0x44c) 'Permission denied', port = 0x7d03, name = 'com.apple.tsm.portname'
See /usr/include/servers/bootstrap_defs.h for the error codes.
1513276136403	Marionette	INFO	Listening on port 53849
1513276136516	Marionette	WARN	TLS certificate errors will be ignored for this session
1513276136627	Marionette	DEBUG	Register listener.js for window 2147483649
1513276136714	Marionette	DEBUG	Received DOM event "beforeunload" for "about:blank"
1513276138711	Marionette	DEBUG	Received DOM event "pagehide" for "about:blank"
1513276138712	Marionette	DEBUG	Received DOM event "unload" for "about:blank"
1513276139202	Marionette	DEBUG	Received DOM event "DOMContentLoaded" for "https://www.instagram.com/explore/tags/%EC%83%A4%EB%A1%9C%EC%88%98%EA%B8%B8/"
1513276139585	Marionette	DEBUG	Received DOM event "pageshow" for "https://www.instagram.com/explore/tags/%EC%83%A4%EB%A1%9C%EC%88%98%EA%B8%B8/"
1513276141533	Marionette	DEBUG	Received observer notification "outer-window-destroyed" for "2147483659"
1513276141587	Marionette	DEBUG	Canceled page load listener because no navigation has been detected

###!!! [Child][RunMessage] Error: Channel closing: too late to send/recv, messages will be lost

[Child 21337, Chrome_ChildThread] WARNING: pipe error: Broken pipe: file /builds/worker/workspace/build/src/ipc/chromium/src/chrome/common/ipc_channel_posix.cc, line 709
[Child 21337, Chrome_ChildThread] WARNING: pipe error: Broken pipe: file /builds/worker/workspace/build/src/ipc/chromium/src/chrome/common/ipc_channel_posix.cc, line 709
1513307821601	geckodriver	INFO	geckodriver 0.19.1
1513307821721	geckodriver	INFO	Listening on 127.0.0.1:57321
1513307822762	mozrunner::runner	INFO	Running command: "/Applications/Firefox.app/Contents/MacOS/firefox-bin" "-marionette" "-profile" "/var/folders/n5/d59dwg8s1ggbrnvbvk4tl4140000gn/T/rust_mozprofile.cYo6oyX6poQl"
1513307823891	Marionette	INFO	Enabled via --marionette
2017-12-15 12:17:05.825 plugin-container[33123:1484886] *** CFMessagePort: bootstrap_register(): failed 1100 (0x44c) 'Permission denied', port = 0x7147, name = 'com.apple.tsm.portname'
See /usr/include/servers/bootstrap_defs.h for the error codes.
1513307827053	Marionette	INFO	Listening on port 57334
1513307827095	Marionette	WARN	TLS certificate errors will be ignored for this session
1513307827197	Marionette	DEBUG	Register listener.js for window 2147483649
1513307827278	Marionette	DEBUG	Received DOM event "beforeunload" for "about:blank"
1513307827392	Marionette	DEBUG	Received DOM event "pagehide" for "about:blank"
1513307827392	Marionette	DEBUG	Received DOM event "unload" for "about:blank"
1513307827448	Marionette	DEBUG	Received DOM event "DOMContentLoaded" for "http://www.instagram.com/explore/tags/%EC%83%A4%EB%A1%9C%EC%88%98%EA%B8%B8"
1513307827851	Marionette	DEBUG	Received DOM event "pageshow" for "http://www.instagram.com/explore/tags/%EC%83%A4%EB%A1%9C%EC%88%98%EA%B8%B8"
1513307840700	geckodriver	INFO	geckodriver 0.19.1
1513307840886	geckodriver	INFO	Listening on 127.0.0.1:57524
1513307841886	mozrunner::runner	INFO	Running command: "/Applications/Firefox.app/Contents/MacOS/firefox-bin" "-marionette" "-profile" "/var/folders/n5/d59dwg8s1ggbrnvbvk4tl4140000gn/T/rust_mozprofile.AnwHEnUvGB5v"
1513307843037	Marionette	INFO	Enabled via --marionette
2017-12-15 12:17:24.578 plugin-container[33167:1485520] *** CFMessagePort: bootstrap_register(): failed 1100 (0x44c) 'Permission denied', port = 0x7f47, name = 'com.apple.tsm.portname'
See /usr/include/servers/bootstrap_defs.h for the error codes.
1513307845238	Marionette	INFO	Listening on port 57537
1513307845262	Marionette	WARN	TLS certificate errors will be ignored for this session
1513307845354	Marionette	DEBUG	Register listener.js for window 2147483649
1513307845396	Marionette	DEBUG	Received DOM event "beforeunload" for "about:blank"
1513307845524	Marionette	DEBUG	Received DOM event "pagehide" for "about:blank"
1513307845525	Marionette	DEBUG	Received DOM event "unload" for "about:blank"
1513307845595	Marionette	DEBUG	Received DOM event "DOMContentLoaded" for "http://www.instagram.com/explore/tags/%EC%83%A4%EB%A1%9C%EC%88%98%EA%B8%B8"
1513307845922	Marionette	DEBUG	Received DOM event "pageshow" for "http://www.instagram.com/explore/tags/%EC%83%A4%EB%A1%9C%EC%88%98%EA%B8%B8"
1513307888929	geckodriver	INFO	geckodriver 0.19.1
1513307889072	geckodriver	INFO	Listening on 127.0.0.1:57814
1513307890122	mozrunner::runner	INFO	Running command: "/Applications/Firefox.app/Contents/MacOS/firefox-bin" "-marionette" "-profile" "/var/folders/n5/d59dwg8s1ggbrnvbvk4tl4140000gn/T/rust_mozprofile.U2RQzAJGasVj"
1513307891178	Marionette	INFO	Enabled via --marionette
2017-12-15 12:18:12.355 plugin-container[33223:1486989] *** CFMessagePort: bootstrap_register(): failed 1100 (0x44c) 'Permission denied', port = 0x7603, name = 'com.apple.tsm.portname'
See /usr/include/servers/bootstrap_defs.h for the error codes.
1513307892907	Marionette	INFO	Listening on port 57831
1513307893019	Marionette	WARN	TLS certificate errors will be ignored for this session
1513307893097	Marionette	DEBUG	Register listener.js for window 2147483649
1513307893131	Marionette	DEBUG	Received DOM event "beforeunload" for "about:blank"
1513307893189	Marionette	DEBUG	Received DOM event "pagehide" for "about:blank"
1513307893190	Marionette	DEBUG	Received DOM event "unload" for "about:blank"
1513307893251	Marionette	DEBUG	Received DOM event "DOMContentLoaded" for "http://www.instagram.com/explore/tags/%EC%83%A4%EB%A1%9C%EC%88%98%EA%B8%B8"
1513307893511	Marionette	DEBUG	Received DOM event "pageshow" for "http://www.instagram.com/explore/tags/%EC%83%A4%EB%A1%9C%EC%88%98%EA%B8%B8"
[Child 33223, Chrome_ChildThread] WARNING: pipe error: Broken pipe: file /builds/worker/workspace/build/src/ipc/chromium/src/chrome/common/ipc_channel_posix.cc, line 709
[Child 33223, Chrome_ChildThread] WARNING: pipe error: Broken pipe: file /builds/worker/workspace/build/src/ipc/chromium/src/chrome/common/ipc_channel_posix.cc, line 709
[Child 33223, Chrome_ChildThread] WARNING: pipe error: Broken pipe: file /builds/worker/workspace/build/src/ipc/chromium/src/chrome/common/ipc_channel_posix.cc, line 709
[Child 33223, Chrome_ChildThread] WARNING: pipe error: Broken pipe: file /builds/worker/workspace/build/src/ipc/chromium/src/chrome/common/ipc_channel_posix.cc, line 709
[Child 33223, Chrome_ChildThread] WARNING: pipe error: Broken pipe: file /builds/worker/workspace/build/src/ipc/chromium/src/chrome/common/ipc_channel_posix.cc, line 709
[Child 33223, Chrome_ChildThread] WARNING: pipe error: Broken pipe: file /builds/worker/workspace/build/src/ipc/chromium/src/chrome/common/ipc_channel_posix.cc, line 709
*** UTM:SVC TimerManager:registerTimer called after profile-before-change notification. Ignoring timer registration for id: telemetry_modules_ping
1513307952581	geckodriver	INFO	geckodriver 0.19.1
1513307952708	geckodriver	INFO	Listening on 127.0.0.1:58212
1513307954070	mozrunner::runner	INFO	Running command: "/Applications/Firefox.app/Contents/MacOS/firefox-bin" "-marionette" "-profile" "/var/folders/n5/d59dwg8s1ggbrnvbvk4tl4140000gn/T/rust_mozprofile.LP6NQnVmjSFa"
1513307955358	Marionette	INFO	Enabled via --marionette
2017-12-15 12:19:16.677 plugin-container[33295:1490336] *** CFMessagePort: bootstrap_register(): failed 1100 (0x44c) 'Permission denied', port = 0x7b3f, name = 'com.apple.tsm.portname'
See /usr/include/servers/bootstrap_defs.h for the error codes.
1513307957412	Marionette	INFO	Listening on port 58226
1513307957469	Marionette	WARN	TLS certificate errors will be ignored for this session
1513307957563	Marionette	DEBUG	Register listener.js for window 2147483649
1513307957612	Marionette	DEBUG	Received DOM event "beforeunload" for "about:blank"
1513307957689	Marionette	DEBUG	Received DOM event "pagehide" for "about:blank"
1513307957689	Marionette	DEBUG	Received DOM event "unload" for "about:blank"
1513307957767	Marionette	DEBUG	Received DOM event "DOMContentLoaded" for "http://www.instagram.com/explore/tags/%EC%83%A4%EB%A1%9C%EC%88%98%EA%B8%B8"
1513307958095	Marionette	DEBUG	Received DOM event "pageshow" for "http://www.instagram.com/explore/tags/%EC%83%A4%EB%A1%9C%EC%88%98%EA%B8%B8"
1513308100428	geckodriver	INFO	geckodriver 0.19.1
1513308100538	geckodriver	INFO	Listening on 127.0.0.1:58994
1513308101657	mozrunner::runner	INFO	Running command: "/Applications/Firefox.app/Contents/MacOS/firefox-bin" "-marionette" "-profile" "/var/folders/n5/d59dwg8s1ggbrnvbvk4tl4140000gn/T/rust_mozprofile.5ZOCxTBXnMci"
1513308102465	Marionette	INFO	Enabled via --marionette
2017-12-15 12:21:43.935 plugin-container[33464:1496013] *** CFMessagePort: bootstrap_register(): failed 1100 (0x44c) 'Permission denied', port = 0x7a3f, name = 'com.apple.tsm.portname'
See /usr/include/servers/bootstrap_defs.h for the error codes.
1513308104645	Marionette	INFO	Listening on port 59007
1513308104773	Marionette	WARN	TLS certificate errors will be ignored for this session
1513308104867	Marionette	DEBUG	Register listener.js for window 2147483649
1513308104947	Marionette	DEBUG	Received DOM event "beforeunload" for "about:blank"
1513308104997	Marionette	DEBUG	Received DOM event "pagehide" for "about:blank"
1513308104998	Marionette	DEBUG	Received DOM event "unload" for "about:blank"
1513308105065	Marionette	DEBUG	Received DOM event "DOMContentLoaded" for "http://www.instagram.com/explore/tags/%EC%83%A4%EB%A1%9C%EC%88%98%EA%B8%B8"
1513308105388	Marionette	DEBUG	Received DOM event "pageshow" for "http://www.instagram.com/explore/tags/%EC%83%A4%EB%A1%9C%EC%88%98%EA%B8%B8"
1513308111306	Marionette	DEBUG	Received observer notification "outer-window-destroyed" for "2147483663"
1513308111335	Marionette	DEBUG	Canceled page load listener because no navigation has been detected
[Child 33295, Chrome_ChildThread] WARNING: pipe error: Socket is not connected: file /builds/worker/workspace/build/src/ipc/chromium/src/chrome/common/ipc_channel_posix.cc, line 709

###!!! [Child][RunMessage] Error: Channel closing: too late to send/recv, messages will be lost

1513310877244	geckodriver	INFO	geckodriver 0.19.1
1513310877387	geckodriver	INFO	Listening on 127.0.0.1:53635
1513310878447	mozrunner::runner	INFO	Running command: "/Applications/Firefox.app/Contents/MacOS/firefox-bin" "-marionette" "-profile" "/var/folders/n5/d59dwg8s1ggbrnvbvk4tl4140000gn/T/rust_mozprofile.xFs8XFgbOmjk"
1513310879993	Marionette	INFO	Enabled via --marionette
2017-12-15 13:08:01.048 plugin-container[2258:51128] *** CFMessagePort: bootstrap_register(): failed 1100 (0x44c) 'Permission denied', port = 0x8303, name = 'com.apple.tsm.portname'
See /usr/include/servers/bootstrap_defs.h for the error codes.
1513310881796	Marionette	INFO	Listening on port 53644
1513310881820	Marionette	WARN	TLS certificate errors will be ignored for this session
1513310881893	Marionette	DEBUG	Register listener.js for window 2147483649
1513310881938	Marionette	DEBUG	Received DOM event "beforeunload" for "about:blank"
1513310882168	Marionette	DEBUG	Received DOM event "pagehide" for "about:blank"
1513310882169	Marionette	DEBUG	Received DOM event "unload" for "about:blank"
1513310882220	Marionette	DEBUG	Received DOM event "DOMContentLoaded" for "http://www.instagram.com/explore/tags/%EC%83%A4%EB%A1%9C%EC%88%98%EA%B8%B8"
1513310882397	Marionette	DEBUG	Received DOM event "pageshow" for "http://www.instagram.com/explore/tags/%EC%83%A4%EB%A1%9C%EC%88%98%EA%B8%B8"
1513310888067	Marionette	DEBUG	Received observer notification "outer-window-destroyed" for "2147483663"
1513310888116	Marionette	DEBUG	Canceled page load listener because no navigation has been detected
1513310902738	geckodriver	INFO	geckodriver 0.19.1
1513310902942	geckodriver	INFO	Listening on 127.0.0.1:53773
1513310903871	mozrunner::runner	INFO	Running command: "/Applications/Firefox.app/Contents/MacOS/firefox-bin" "-marionette" "-profile" "/var/folders/n5/d59dwg8s1ggbrnvbvk4tl4140000gn/T/rust_mozprofile.40PBJwQYoWHI"
1513310904673	Marionette	INFO	Enabled via --marionette
2017-12-15 13:08:26.119 plugin-container[2302:52118] *** CFMessagePort: bootstrap_register(): failed 1100 (0x44c) 'Permission denied', port = 0x783f, name = 'com.apple.tsm.portname'
See /usr/include/servers/bootstrap_defs.h for the error codes.
1513310906772	Marionette	INFO	Listening on port 53782
1513310906843	Marionette	WARN	TLS certificate errors will be ignored for this session
1513310906958	Marionette	DEBUG	Register listener.js for window 2147483649
1513310907067	Marionette	DEBUG	Received DOM event "beforeunload" for "about:blank"
1513310907144	Marionette	DEBUG	Received DOM event "pagehide" for "about:blank"
1513310907145	Marionette	DEBUG	Received DOM event "unload" for "about:blank"
1513310907208	Marionette	DEBUG	Received DOM event "DOMContentLoaded" for "http://www.instagram.com/explore/tags/%EC%83%A4%EB%A1%9C%EC%88%98%EA%B8%B8"
1513310907488	Marionette	DEBUG	Received DOM event "pageshow" for "http://www.instagram.com/explore/tags/%EC%83%A4%EB%A1%9C%EC%88%98%EA%B8%B8"
1513311006140	geckodriver	INFO	geckodriver 0.19.1
1513311006255	geckodriver	INFO	Listening on 127.0.0.1:54126
1513311007297	mozrunner::runner	INFO	Running command: "/Applications/Firefox.app/Contents/MacOS/firefox-bin" "-marionette" "-profile" "/var/folders/n5/d59dwg8s1ggbrnvbvk4tl4140000gn/T/rust_mozprofile.7iRVQgBf8EH2"
1513311008026	Marionette	INFO	Enabled via --marionette
2017-12-15 13:10:09.490 plugin-container[2392:55553] *** CFMessagePort: bootstrap_register(): failed 1100 (0x44c) 'Permission denied', port = 0x7c3f, name = 'com.apple.tsm.portname'
See /usr/include/servers/bootstrap_defs.h for the error codes.
1513311010118	Marionette	INFO	Listening on port 54135
1513311010186	Marionette	WARN	TLS certificate errors will be ignored for this session
1513311010290	Marionette	DEBUG	Register listener.js for window 2147483649
1513311010381	Marionette	DEBUG	Received DOM event "beforeunload" for "about:blank"
1513311010432	Marionette	DEBUG	Received DOM event "pagehide" for "about:blank"
1513311010433	Marionette	DEBUG	Received DOM event "unload" for "about:blank"
1513311010475	Marionette	DEBUG	Received DOM event "DOMContentLoaded" for "http://www.instagram.com/explore/tags/%EC%83%A4%EB%A1%9C%EC%88%98%EA%B8%B8"
1513311010757	Marionette	DEBUG	Received DOM event "pageshow" for "http://www.instagram.com/explore/tags/%EC%83%A4%EB%A1%9C%EC%88%98%EA%B8%B8"
1513311019379	geckodriver	INFO	geckodriver 0.19.1
1513311019601	geckodriver	INFO	Listening on 127.0.0.1:54247
1513311020644	mozrunner::runner	INFO	Running command: "/Applications/Firefox.app/Contents/MacOS/firefox-bin" "-marionette" "-profile" "/var/folders/n5/d59dwg8s1ggbrnvbvk4tl4140000gn/T/rust_mozprofile.IbozVHb46Izs"
1513311022262	Marionette	INFO	Enabled via --marionette
2017-12-15 13:10:23.723 plugin-container[2434:56201] *** CFMessagePort: bootstrap_register(): failed 1100 (0x44c) 'Permission denied', port = 0x8103, name = 'com.apple.tsm.portname'
See /usr/include/servers/bootstrap_defs.h for the error codes.
1513311024467	Marionette	INFO	Listening on port 54258
1513311024562	Marionette	WARN	TLS certificate errors will be ignored for this session
1513311024660	Marionette	DEBUG	Register listener.js for window 2147483649
1513311024770	Marionette	DEBUG	Received DOM event "beforeunload" for "about:blank"
1513311024829	Marionette	DEBUG	Received DOM event "pagehide" for "about:blank"
1513311024830	Marionette	DEBUG	Received DOM event "unload" for "about:blank"
1513311024899	Marionette	DEBUG	Received DOM event "DOMContentLoaded" for "http://www.instagram.com/explore/tags/%EC%83%A4%EB%A1%9C%EC%88%98%EA%B8%B8"
1513311025181	Marionette	DEBUG	Received DOM event "pageshow" for "http://www.instagram.com/explore/tags/%EC%83%A4%EB%A1%9C%EC%88%98%EA%B8%B8"
1513311034635	geckodriver	INFO	geckodriver 0.19.1
1513311034923	geckodriver	INFO	Listening on 127.0.0.1:54386
1513311036157	mozrunner::runner	INFO	Running command: "/Applications/Firefox.app/Contents/MacOS/firefox-bin" "-marionette" "-profile" "/var/folders/n5/d59dwg8s1ggbrnvbvk4tl4140000gn/T/rust_mozprofile.U2Cfgt1u10ka"
1513311037543	Marionette	INFO	Enabled via --marionette
2017-12-15 13:10:39.283 plugin-container[2477:57060] *** CFMessagePort: bootstrap_register(): failed 1100 (0x44c) 'Permission denied', port = 0x813f, name = 'com.apple.tsm.portname'
See /usr/include/servers/bootstrap_defs.h for the error codes.
1513311040166	Marionette	INFO	Listening on port 54398
1513311040291	Marionette	WARN	TLS certificate errors will be ignored for this session
1513311040394	Marionette	DEBUG	Register listener.js for window 2147483649
1513311040439	Marionette	DEBUG	Received DOM event "beforeunload" for "about:blank"
1513311040487	Marionette	DEBUG	Received DOM event "pagehide" for "about:blank"
1513311040488	Marionette	DEBUG	Received DOM event "unload" for "about:blank"
1513311040551	Marionette	DEBUG	Received DOM event "DOMContentLoaded" for "http://www.instagram.com/explore/tags/%EC%83%A4%EB%A1%9C%EC%88%98%EA%B8%B8"
1513311040855	Marionette	DEBUG	Received DOM event "pageshow" for "http://www.instagram.com/explore/tags/%EC%83%A4%EB%A1%9C%EC%88%98%EA%B8%B8"
1513311052354	geckodriver	INFO	geckodriver 0.19.1
1513311052538	geckodriver	INFO	Listening on 127.0.0.1:54542
1513311053514	mozrunner::runner	INFO	Running command: "/Applications/Firefox.app/Contents/MacOS/firefox-bin" "-marionette" "-profile" "/var/folders/n5/d59dwg8s1ggbrnvbvk4tl4140000gn/T/rust_mozprofile.tnxnGXkcgGms"
1513311054387	Marionette	INFO	Enabled via --marionette
2017-12-15 13:10:56.164 plugin-container[2520:57709] *** CFMessagePort: bootstrap_register(): failed 1100 (0x44c) 'Permission denied', port = 0x7f3f, name = 'com.apple.tsm.portname'
See /usr/include/servers/bootstrap_defs.h for the error codes.
1513311057448	Marionette	INFO	Listening on port 54553
1513311057475	Marionette	WARN	TLS certificate errors will be ignored for this session
1513311057565	Marionette	DEBUG	Register listener.js for window 2147483649
1513311057611	Marionette	DEBUG	Received DOM event "beforeunload" for "about:blank"
1513311057667	Marionette	DEBUG	Received DOM event "pagehide" for "about:blank"
1513311057668	Marionette	DEBUG	Received DOM event "unload" for "about:blank"
1513311057726	Marionette	DEBUG	Received DOM event "DOMContentLoaded" for "http://www.instagram.com/explore/tags/%EC%83%A4%EB%A1%9C%EC%88%98%EA%B8%B8"
1513311058011	Marionette	DEBUG	Received DOM event "pageshow" for "http://www.instagram.com/explore/tags/%EC%83%A4%EB%A1%9C%EC%88%98%EA%B8%B8"
1513311226359	geckodriver	INFO	geckodriver 0.19.1
1513311226485	geckodriver	INFO	Listening on 127.0.0.1:55359
1513311227549	mozrunner::runner	INFO	Running command: "/Applications/Firefox.app/Contents/MacOS/firefox-bin" "-marionette" "-profile" "/var/folders/n5/d59dwg8s1ggbrnvbvk4tl4140000gn/T/rust_mozprofile.jmWwbI0MToDP"
1513311228589	Marionette	INFO	Enabled via --marionette
2017-12-15 13:13:51.811 plugin-container[2656:63134] *** CFMessagePort: bootstrap_register(): failed 1100 (0x44c) 'Permission denied', port = 0x7e07, name = 'com.apple.tsm.portname'
See /usr/include/servers/bootstrap_defs.h for the error codes.
1513311232909	Marionette	INFO	Listening on port 55376
1513311232960	Marionette	WARN	TLS certificate errors will be ignored for this session
1513311233070	Marionette	DEBUG	Register listener.js for window 2147483649
1513311233179	Marionette	DEBUG	Received DOM event "beforeunload" for "about:blank"
1513311233281	Marionette	DEBUG	Received DOM event "pagehide" for "about:blank"
1513311233281	Marionette	DEBUG	Received DOM event "unload" for "about:blank"
1513311233352	Marionette	DEBUG	Received DOM event "DOMContentLoaded" for "http://www.instagram.com/explore/tags/%EC%83%A4%EB%A1%9C%EC%88%98%EA%B8%B8"
1513311233760	Marionette	DEBUG	Received DOM event "pageshow" for "http://www.instagram.com/explore/tags/%EC%83%A4%EB%A1%9C%EC%88%98%EA%B8%B8"

###!!! [Child][RunMessage] Error: Channel closing: too late to send/recv, messages will be lost

1513311287343	geckodriver	INFO	geckodriver 0.19.1
1513311287424	geckodriver	INFO	Listening on 127.0.0.1:55764
1513311288460	mozrunner::runner	INFO	Running command: "/Applications/Firefox.app/Contents/MacOS/firefox-bin" "-marionette" "-profile" "/var/folders/n5/d59dwg8s1ggbrnvbvk4tl4140000gn/T/rust_mozprofile.ko3Gm7Q2jxWH"
1513311289016	Marionette	INFO	Enabled via --marionette
2017-12-15 13:14:50.073 plugin-container[2729:65298] *** CFMessagePort: bootstrap_register(): failed 1100 (0x44c) 'Permission denied', port = 0x763f, name = 'com.apple.tsm.portname'
See /usr/include/servers/bootstrap_defs.h for the error codes.
1513311290917	Marionette	INFO	Listening on port 55781
1513311290958	Marionette	WARN	TLS certificate errors will be ignored for this session
1513311291033	Marionette	DEBUG	Register listener.js for window 2147483649
1513311291126	Marionette	DEBUG	Received DOM event "beforeunload" for "about:blank"
1513311291214	Marionette	DEBUG	Received DOM event "pagehide" for "about:blank"
1513311291214	Marionette	DEBUG	Received DOM event "unload" for "about:blank"
1513311291272	Marionette	DEBUG	Received DOM event "DOMContentLoaded" for "http://www.instagram.com/explore/tags/%EC%83%A4%EB%A1%9C%EC%88%98%EA%B8%B8"
1513311291510	Marionette	DEBUG	Received DOM event "pageshow" for "http://www.instagram.com/explore/tags/%EC%83%A4%EB%A1%9C%EC%88%98%EA%B8%B8"
1513311542601	geckodriver	INFO	geckodriver 0.19.1
1513311542711	geckodriver	INFO	Listening on 127.0.0.1:56815
1513311543975	mozrunner::runner	INFO	Running command: "/Applications/Firefox.app/Contents/MacOS/firefox-bin" "-marionette" "-profile" "/var/folders/n5/d59dwg8s1ggbrnvbvk4tl4140000gn/T/rust_mozprofile.hcZsbG0cMyu4"
1513311545327	Marionette	INFO	Enabled via --marionette
2017-12-15 13:19:07.199 plugin-container[2880:69505] *** CFMessagePort: bootstrap_register(): failed 1100 (0x44c) 'Permission denied', port = 0x723f, name = 'com.apple.tsm.portname'
See /usr/include/servers/bootstrap_defs.h for the error codes.
1513311547882	Marionette	INFO	Listening on port 56828
1513311548140	Marionette	WARN	TLS certificate errors will be ignored for this session
1513311548285	Marionette	DEBUG	Register listener.js for window 2147483649
1513311548435	Marionette	DEBUG	Received DOM event "beforeunload" for "about:blank"
1513311548545	Marionette	DEBUG	Received DOM event "pagehide" for "about:blank"
1513311548545	Marionette	DEBUG	Received DOM event "unload" for "about:blank"
1513311548630	Marionette	DEBUG	Received DOM event "DOMContentLoaded" for "http://www.instagram.com/explore/tags/%EC%83%A4%EB%A1%9C%EC%88%98%EA%B8%B8"
1513311549119	Marionette	DEBUG	Received DOM event "pageshow" for "http://www.instagram.com/explore/tags/%EC%83%A4%EB%A1%9C%EC%88%98%EA%B8%B8"

###!!! [Child][RunMessage] Error: Channel closing: too late to send/recv, messages will be lost

IPDL protocol error: Handler returned error code!

###!!! [Parent][DispatchAsyncMessage] Error: PLayerTransaction::Msg_ReleaseLayer Processing error: message was deserialized, but the handler returned false (indicating failure)

IPDL protocol error: Handler returned error code!

###!!! [Parent][DispatchAsyncMessage] Error: PLayerTransaction::Msg_ReleaseLayer Processing error: message was deserialized, but the handler returned false (indicating failure)

IPDL protocol error: Handler returned error code!

###!!! [Parent][DispatchAsyncMessage] Error: PLayerTransaction::Msg_ReleaseLayer Processing error: message was deserialized, but the handler returned false (indicating failure)

IPDL protocol error: Handler returned error code!

###!!! [Parent][DispatchAsyncMessage] Error: PLayerTransaction::Msg_ReleaseLayer Processing error: message was deserialized, but the handler returned false (indicating failure)

IPDL protocol error: Handler returned error code!

###!!! [Parent][DispatchAsyncMessage] Error: PLayerTransaction::Msg_ReleaseLayer Processing error: message was deserialized, but the handler returned false (indicating failure)

IPDL protocol error: Handler returned error code!

###!!! [Parent][DispatchAsyncMessage] Error: PLayerTransaction::Msg_ReleaseLayer Processing error: message was deserialized, but the handler returned false (indicating failure)

IPDL protocol error: Handler returned error code!

###!!! [Parent][DispatchAsyncMessage] Error: PLayerTransaction::Msg_ReleaseLayer Processing error: message was deserialized, but the handler returned false (indicating failure)

IPDL protocol error: Handler returned error code!

###!!! [Parent][DispatchAsyncMessage] Error: PLayerTransaction::Msg_ReleaseLayer Processing error: message was deserialized, but the handler returned false (indicating failure)

IPDL protocol error: Handler returned error code!

###!!! [Parent][DispatchAsyncMessage] Error: PLayerTransaction::Msg_ReleaseLayer Processing error: message was deserialized, but the handler returned false (indicating failure)

IPDL protocol error: Handler returned error code!

###!!! [Parent][DispatchAsyncMessage] Error: PLayerTransaction::Msg_ReleaseLayer Processing error: message was deserialized, but the handler returned false (indicating failure)

IPDL protocol error: Handler returned error code!

###!!! [Parent][DispatchAsyncMessage] Error: PLayerTransaction::Msg_ReleaseLayer Processing error: message was deserialized, but the handler returned false (indicating failure)

IPDL protocol error: Handler returned error code!

###!!! [Parent][DispatchAsyncMessage] Error: PLayerTransaction::Msg_ReleaseLayer Processing error: message was deserialized, but the handler returned false (indicating failure)

IPDL protocol error: Handler returned error code!

###!!! [Parent][DispatchAsyncMessage] Error: PLayerTransaction::Msg_ReleaseLayer Processing error: message was deserialized, but the handler returned false (indicating failure)

IPDL protocol error: Handler returned error code!

###!!! [Parent][DispatchAsyncMessage] Error: PLayerTransaction::Msg_ReleaseLayer Processing error: message was deserialized, but the handler returned false (indicating failure)

IPDL protocol error: Handler returned error code!

###!!! [Parent][DispatchAsyncMessage] Error: PLayerTransaction::Msg_ReleaseLayer Processing error: message was deserialized, but the handler returned false (indicating failure)

IPDL protocol error: Handler returned error code!

###!!! [Parent][DispatchAsyncMessage] Error: PLayerTransaction::Msg_ReleaseLayer Processing error: message was deserialized, but the handler returned false (indicating failure)

IPDL protocol error: Handler returned error code!

###!!! [Parent][DispatchAsyncMessage] Error: PLayerTransaction::Msg_ReleaseLayer Processing error: message was deserialized, but the handler returned false (indicating failure)

IPDL protocol error: Handler returned error code!

###!!! [Parent][DispatchAsyncMessage] Error: PLayerTransaction::Msg_ReleaseLayer Processing error: message was deserialized, but the handler returned false (indicating failure)

IPDL protocol error: Handler returned error code!

###!!! [Parent][DispatchAsyncMessage] Error: PLayerTransaction::Msg_ReleaseLayer Processing error: message was deserialized, but the handler returned false (indicating failure)

1513311580751	geckodriver	INFO	geckodriver 0.19.1
1513311580830	geckodriver	INFO	Listening on 127.0.0.1:57062
1513311581858	mozrunner::runner	INFO	Running command: "/Applications/Firefox.app/Contents/MacOS/firefox-bin" "-marionette" "-profile" "/var/folders/n5/d59dwg8s1ggbrnvbvk4tl4140000gn/T/rust_mozprofile.tABeg1m9wTiH"
1513311582406	Marionette	INFO	Enabled via --marionette
2017-12-15 13:19:43.345 plugin-container[2936:70848] *** CFMessagePort: bootstrap_register(): failed 1100 (0x44c) 'Permission denied', port = 0x7c3f, name = 'com.apple.tsm.portname'
See /usr/include/servers/bootstrap_defs.h for the error codes.
1513311583778	Marionette	INFO	Listening on port 57075
1513311583852	Marionette	WARN	TLS certificate errors will be ignored for this session
1513311583929	Marionette	DEBUG	Register listener.js for window 2147483649
1513311583951	Marionette	DEBUG	Received DOM event "beforeunload" for "about:blank"
1513311583997	Marionette	DEBUG	Received DOM event "pagehide" for "about:blank"
1513311583998	Marionette	DEBUG	Received DOM event "unload" for "about:blank"
1513311584038	Marionette	DEBUG	Received DOM event "DOMContentLoaded" for "http://www.instagram.com/explore/tags/%EC%83%A4%EB%A1%9C%EC%88%98%EA%B8%B8"
1513311584220	Marionette	DEBUG	Received DOM event "pageshow" for "http://www.instagram.com/explore/tags/%EC%83%A4%EB%A1%9C%EC%88%98%EA%B8%B8"
1513311592091	geckodriver	INFO	geckodriver 0.19.1
1513311592237	geckodriver	INFO	Listening on 127.0.0.1:57187
1513311593252	mozrunner::runner	INFO	Running command: "/Applications/Firefox.app/Contents/MacOS/firefox-bin" "-marionette" "-profile" "/var/folders/n5/d59dwg8s1ggbrnvbvk4tl4140000gn/T/rust_mozprofile.j2V8xOM6TOp8"
1513311593837	Marionette	INFO	Enabled via --marionette
2017-12-15 13:19:54.805 plugin-container[2977:71534] *** CFMessagePort: bootstrap_register(): failed 1100 (0x44c) 'Permission denied', port = 0x773f, name = 'com.apple.tsm.portname'
See /usr/include/servers/bootstrap_defs.h for the error codes.
1513311595334	Marionette	INFO	Listening on port 57200
1513311595405	Marionette	WARN	TLS certificate errors will be ignored for this session
1513311595478	Marionette	DEBUG	Register listener.js for window 2147483649
1513311595513	Marionette	DEBUG	Received DOM event "beforeunload" for "about:blank"
1513311595562	Marionette	DEBUG	Received DOM event "pagehide" for "about:blank"
1513311595562	Marionette	DEBUG	Received DOM event "unload" for "about:blank"
1513311595605	Marionette	DEBUG	Received DOM event "DOMContentLoaded" for "http://www.instagram.com/explore/tags/%EC%83%A4%EB%A1%9C%EC%88%98%EA%B8%B8"
1513311595842	Marionette	DEBUG	Received DOM event "pageshow" for "http://www.instagram.com/explore/tags/%EC%83%A4%EB%A1%9C%EC%88%98%EA%B8%B8"
1513311656525	geckodriver	INFO	geckodriver 0.19.1
1513311656624	geckodriver	INFO	Listening on 127.0.0.1:57436
1513311657638	mozrunner::runner	INFO	Running command: "/Applications/Firefox.app/Contents/MacOS/firefox-bin" "-marionette" "-profile" "/var/folders/n5/d59dwg8s1ggbrnvbvk4tl4140000gn/T/rust_mozprofile.XbTLLuWoCWMi"
1513311658234	Marionette	INFO	Enabled via --marionette
2017-12-15 13:20:59.229 plugin-container[3038:73432] *** CFMessagePort: bootstrap_register(): failed 1100 (0x44c) 'Permission denied', port = 0x7e3f, name = 'com.apple.tsm.portname'
See /usr/include/servers/bootstrap_defs.h for the error codes.
1513311659737	Marionette	INFO	Listening on port 57445
1513311659857	Marionette	WARN	TLS certificate errors will be ignored for this session
1513311659926	Marionette	DEBUG	Register listener.js for window 2147483649
1513311659974	Marionette	DEBUG	Received DOM event "beforeunload" for "about:blank"
1513311660021	Marionette	DEBUG	Received DOM event "pagehide" for "about:blank"
1513311660022	Marionette	DEBUG	Received DOM event "unload" for "about:blank"
1513311660069	Marionette	DEBUG	Received DOM event "DOMContentLoaded" for "http://www.instagram.com/explore/tags/%EC%83%A4%EB%A1%9C%EC%88%98%EA%B8%B8"
1513311660264	Marionette	DEBUG	Received DOM event "pageshow" for "http://www.instagram.com/explore/tags/%EC%83%A4%EB%A1%9C%EC%88%98%EA%B8%B8"
1513311673813	geckodriver	INFO	geckodriver 0.19.1
1513311673943	geckodriver	INFO	Listening on 127.0.0.1:57681
1513311674931	mozrunner::runner	INFO	Running command: "/Applications/Firefox.app/Contents/MacOS/firefox-bin" "-marionette" "-profile" "/var/folders/n5/d59dwg8s1ggbrnvbvk4tl4140000gn/T/rust_mozprofile.rEByDyMwEv6N"
1513311675525	Marionette	INFO	Enabled via --marionette
2017-12-15 13:21:16.475 plugin-container[3084:74677] *** CFMessagePort: bootstrap_register(): failed 1100 (0x44c) 'Permission denied', port = 0x883b, name = 'com.apple.tsm.portname'
See /usr/include/servers/bootstrap_defs.h for the error codes.
1513311677127	Marionette	INFO	Listening on port 57690
1513311677148	Marionette	WARN	TLS certificate errors will be ignored for this session
1513311677239	Marionette	DEBUG	Register listener.js for window 2147483649
1513311677283	Marionette	DEBUG	Received DOM event "beforeunload" for "about:blank"
1513311677337	Marionette	DEBUG	Received DOM event "pagehide" for "about:blank"
1513311677338	Marionette	DEBUG	Received DOM event "unload" for "about:blank"
1513311677386	Marionette	DEBUG	Received DOM event "DOMContentLoaded" for "http://www.instagram.com/explore/tags/%EC%83%A4%EB%A1%9C%EC%88%98%EA%B8%B8"
1513311677642	Marionette	DEBUG	Received DOM event "pageshow" for "http://www.instagram.com/explore/tags/%EC%83%A4%EB%A1%9C%EC%88%98%EA%B8%B8"
[GFX1-]: Receive IPC close with reason=AbnormalShutdown
1513311878250	geckodriver	INFO	geckodriver 0.19.1
1513311878332	geckodriver	INFO	Listening on 127.0.0.1:58518
1513311879360	mozrunner::runner	INFO	Running command: "/Applications/Firefox.app/Contents/MacOS/firefox-bin" "-marionette" "-profile" "/var/folders/n5/d59dwg8s1ggbrnvbvk4tl4140000gn/T/rust_mozprofile.nMaVteEseFkb"
1513311879967	Marionette	INFO	Enabled via --marionette
2017-12-15 13:24:41.115 plugin-container[3207:79653] *** CFMessagePort: bootstrap_register(): failed 1100 (0x44c) 'Permission denied', port = 0x860b, name = 'com.apple.tsm.portname'
See /usr/include/servers/bootstrap_defs.h for the error codes.
1513311881616	Marionette	INFO	Listening on port 58524
1513311881668	Marionette	WARN	TLS certificate errors will be ignored for this session
1513311881743	Marionette	DEBUG	Register listener.js for window 2147483649
1513311881776	Marionette	DEBUG	Received DOM event "beforeunload" for "about:blank"
1513311881818	Marionette	DEBUG	Received DOM event "pagehide" for "about:blank"
1513311881819	Marionette	DEBUG	Received DOM event "unload" for "about:blank"
1513311881865	Marionette	DEBUG	Received DOM event "DOMContentLoaded" for "http://www.instagram.com/explore/tags/%EC%83%A4%EB%A1%9C%EC%88%98%EA%B8%B8"
1513311882118	Marionette	DEBUG	Received DOM event "pageshow" for "http://www.instagram.com/explore/tags/%EC%83%A4%EB%A1%9C%EC%88%98%EA%B8%B8"
[GFX1-]: Receive IPC close with reason=AbnormalShutdown
1513311898984	geckodriver	INFO	geckodriver 0.19.1
1513311899100	geckodriver	INFO	Listening on 127.0.0.1:58643
1513311900102	mozrunner::runner	INFO	Running command: "/Applications/Firefox.app/Contents/MacOS/firefox-bin" "-marionette" "-profile" "/var/folders/n5/d59dwg8s1ggbrnvbvk4tl4140000gn/T/rust_mozprofile.Bl5YYPQkEF3O"
1513311900671	Marionette	INFO	Enabled via --marionette
2017-12-15 13:25:01.677 plugin-container[3254:81089] *** CFMessagePort: bootstrap_register(): failed 1100 (0x44c) 'Permission denied', port = 0x8243, name = 'com.apple.tsm.portname'
See /usr/include/servers/bootstrap_defs.h for the error codes.
1513311902225	Marionette	INFO	Listening on port 58650
1513311902310	Marionette	WARN	TLS certificate errors will be ignored for this session
1513311902397	Marionette	DEBUG	Register listener.js for window 2147483649
1513311902447	Marionette	DEBUG	Received DOM event "beforeunload" for "about:blank"
1513311902493	Marionette	DEBUG	Received DOM event "pagehide" for "about:blank"
1513311902493	Marionette	DEBUG	Received DOM event "unload" for "about:blank"
1513311902530	Marionette	DEBUG	Received DOM event "DOMContentLoaded" for "http://www.instagram.com/explore/tags/%EC%83%A4%EB%A1%9C%EC%88%98%EA%B8%B8"
1513311902772	Marionette	DEBUG	Received DOM event "pageshow" for "http://www.instagram.com/explore/tags/%EC%83%A4%EB%A1%9C%EC%88%98%EA%B8%B8"
1513312033412	geckodriver	INFO	geckodriver 0.19.1
1513312033501	geckodriver	INFO	Listening on 127.0.0.1:59121
1513312034539	mozrunner::runner	INFO	Running command: "/Applications/Firefox.app/Contents/MacOS/firefox-bin" "-marionette" "-profile" "/var/folders/n5/d59dwg8s1ggbrnvbvk4tl4140000gn/T/rust_mozprofile.uYRIbVfNTdN3"
1513312035162	Marionette	INFO	Enabled via --marionette
2017-12-15 13:27:16.382 plugin-container[3348:85031] *** CFMessagePort: bootstrap_register(): failed 1100 (0x44c) 'Permission denied', port = 0x7b43, name = 'com.apple.tsm.portname'
See /usr/include/servers/bootstrap_defs.h for the error codes.
1513312036959	Marionette	INFO	Listening on port 59131
1513312036991	Marionette	WARN	TLS certificate errors will be ignored for this session
1513312037078	Marionette	DEBUG	Register listener.js for window 2147483649
1513312037130	Marionette	DEBUG	Received DOM event "beforeunload" for "about:blank"
1513312037194	Marionette	DEBUG	Received DOM event "pagehide" for "about:blank"
1513312037195	Marionette	DEBUG	Received DOM event "unload" for "about:blank"
1513312037251	Marionette	DEBUG	Received DOM event "DOMContentLoaded" for "http://www.instagram.com/explore/tags/%EC%83%A4%EB%A1%9C%EC%88%98%EA%B8%B8"
1513312037506	Marionette	DEBUG	Received DOM event "pageshow" for "http://www.instagram.com/explore/tags/%EC%83%A4%EB%A1%9C%EC%88%98%EA%B8%B8"
1513312043988	geckodriver	INFO	geckodriver 0.19.1
1513312044392	geckodriver	INFO	Listening on 127.0.0.1:59240
1513312045618	mozrunner::runner	INFO	Running command: "/Applications/Firefox.app/Contents/MacOS/firefox-bin" "-marionette" "-profile" "/var/folders/n5/d59dwg8s1ggbrnvbvk4tl4140000gn/T/rust_mozprofile.E7ofaqCOGxax"
1513312048369	Marionette	INFO	Enabled via --marionette
2017-12-15 13:27:33.695 plugin-container[3393:85885] *** CFMessagePort: bootstrap_register(): failed 1100 (0x44c) 'Permission denied', port = 0x7a3f, name = 'com.apple.tsm.portname'
See /usr/include/servers/bootstrap_defs.h for the error codes.

###!!! [Child][RunMessage] Error: Channel closing: too late to send/recv, messages will be lost

*** UTM:SVC TimerManager:registerTimer called after profile-before-change notification. Ignoring timer registration for id: telemetry_modules_ping
1513312055943	Marionette	INFO	Listening on port 59262
1513312056062	Marionette	WARN	TLS certificate errors will be ignored for this session
1513312056231	Marionette	DEBUG	Register listener.js for window 2147483649
1513312056565	Marionette	DEBUG	Received DOM event "beforeunload" for "about:blank"
1513312056665	Marionette	DEBUG	Received DOM event "pagehide" for "about:blank"
1513312056666	Marionette	DEBUG	Received DOM event "unload" for "about:blank"
1513312056770	Marionette	DEBUG	Received DOM event "DOMContentLoaded" for "http://www.instagram.com/explore/tags/%EC%83%A4%EB%A1%9C%EC%88%98%EA%B8%B8"
1513312057279	Marionette	DEBUG	Received DOM event "pageshow" for "http://www.instagram.com/explore/tags/%EC%83%A4%EB%A1%9C%EC%88%98%EA%B8%B8"
1513312146706	geckodriver	INFO	geckodriver 0.19.1
1513312146788	geckodriver	INFO	Listening on 127.0.0.1:59873
1513312147820	mozrunner::runner	INFO	Running command: "/Applications/Firefox.app/Contents/MacOS/firefox-bin" "-marionette" "-profile" "/var/folders/n5/d59dwg8s1ggbrnvbvk4tl4140000gn/T/rust_mozprofile.ZzkQ5JHI5Mv9"
1513312148394	Marionette	INFO	Enabled via --marionette
2017-12-15 13:29:09.469 plugin-container[3476:88946] *** CFMessagePort: bootstrap_register(): failed 1100 (0x44c) 'Permission denied', port = 0x803f, name = 'com.apple.tsm.portname'
See /usr/include/servers/bootstrap_defs.h for the error codes.
1513312149948	Marionette	INFO	Listening on port 59883
1513312150079	Marionette	WARN	TLS certificate errors will be ignored for this session
1513312150146	Marionette	DEBUG	Register listener.js for window 2147483649
1513312150173	Marionette	DEBUG	Received DOM event "beforeunload" for "about:blank"
1513312150398	Marionette	DEBUG	Received DOM event "pagehide" for "about:blank"
1513312150398	Marionette	DEBUG	Received DOM event "unload" for "about:blank"
1513312150448	Marionette	DEBUG	Received DOM event "DOMContentLoaded" for "http://www.instagram.com/explore/tags/%EC%83%A4%EB%A1%9C%EC%88%98%EA%B8%B8"
1513312150658	Marionette	DEBUG	Received DOM event "pageshow" for "http://www.instagram.com/explore/tags/%EC%83%A4%EB%A1%9C%EC%88%98%EA%B8%B8"
1513312163786	geckodriver	INFO	geckodriver 0.19.1
1513312163942	geckodriver	INFO	Listening on 127.0.0.1:60026
1513312164904	mozrunner::runner	INFO	Running command: "/Applications/Firefox.app/Contents/MacOS/firefox-bin" "-marionette" "-profile" "/var/folders/n5/d59dwg8s1ggbrnvbvk4tl4140000gn/T/rust_mozprofile.I7koFjQAj8fH"
1513312165520	Marionette	INFO	Enabled via --marionette
2017-12-15 13:29:26.443 plugin-container[3520:89859] *** CFMessagePort: bootstrap_register(): failed 1100 (0x44c) 'Permission denied', port = 0x7b3f, name = 'com.apple.tsm.portname'
See /usr/include/servers/bootstrap_defs.h for the error codes.
1513312166884	Marionette	INFO	Listening on port 60036
1513312166914	Marionette	WARN	TLS certificate errors will be ignored for this session
1513312166998	Marionette	DEBUG	Register listener.js for window 2147483649
1513312167038	Marionette	DEBUG	Received DOM event "beforeunload" for "about:blank"
1513312167096	Marionette	DEBUG	Received DOM event "pagehide" for "about:blank"
1513312167097	Marionette	DEBUG	Received DOM event "unload" for "about:blank"
1513312167148	Marionette	DEBUG	Received DOM event "DOMContentLoaded" for "http://www.instagram.com/explore/tags/%EC%83%A4%EB%A1%9C%EC%88%98%EA%B8%B8"
1513312167363	Marionette	DEBUG	Received DOM event "pageshow" for "http://www.instagram.com/explore/tags/%EC%83%A4%EB%A1%9C%EC%88%98%EA%B8%B8"
IPDL protocol error: Handler returned error code!

###!!! [Parent][DispatchAsyncMessage] Error: PLayerTransaction::Msg_ReleaseLayer Processing error: message was deserialized, but the handler returned false (indicating failure)

IPDL protocol error: Handler returned error code!

###!!! [Parent][DispatchAsyncMessage] Error: PLayerTransaction::Msg_ReleaseLayer Processing error: message was deserialized, but the handler returned false (indicating failure)

IPDL protocol error: Handler returned error code!

###!!! [Parent][DispatchAsyncMessage] Error: PLayerTransaction::Msg_ReleaseLayer Processing error: message was deserialized, but the handler returned false (indicating failure)

IPDL protocol error: Handler returned error code!

###!!! [Parent][DispatchAsyncMessage] Error: PLayerTransaction::Msg_ReleaseLayer Processing error: message was deserialized, but the handler returned false (indicating failure)

IPDL protocol error: Handler returned error code!

###!!! [Parent][DispatchAsyncMessage] Error: PLayerTransaction::Msg_ReleaseLayer Processing error: message was deserialized, but the handler returned false (indicating failure)

IPDL protocol error: Handler returned error code!

###!!! [Parent][DispatchAsyncMessage] Error: PLayerTransaction::Msg_ReleaseLayer Processing error: message was deserialized, but the handler returned false (indicating failure)

IPDL protocol error: Handler returned error code!

###!!! [Parent][DispatchAsyncMessage] Error: PLayerTransaction::Msg_ReleaseLayer Processing error: message was deserialized, but the handler returned false (indicating failure)

IPDL protocol error: Handler returned error code!

###!!! [Parent][DispatchAsyncMessage] Error: PLayerTransaction::Msg_ReleaseLayer Processing error: message was deserialized, but the handler returned false (indicating failure)

IPDL protocol error: Handler returned error code!

###!!! [Parent][DispatchAsyncMessage] Error: PLayerTransaction::Msg_ReleaseLayer Processing error: message was deserialized, but the handler returned false (indicating failure)

IPDL protocol error: Handler returned error code!

###!!! [Parent][DispatchAsyncMessage] Error: PLayerTransaction::Msg_ReleaseLayer Processing error: message was deserialized, but the handler returned false (indicating failure)

IPDL protocol error: Handler returned error code!

###!!! [Parent][DispatchAsyncMessage] Error: PLayerTransaction::Msg_ReleaseLayer Processing error: message was deserialized, but the handler returned false (indicating failure)

IPDL protocol error: Handler returned error code!

###!!! [Parent][DispatchAsyncMessage] Error: PLayerTransaction::Msg_ReleaseLayer Processing error: message was deserialized, but the handler returned false (indicating failure)

IPDL protocol error: Handler returned error code!

###!!! [Parent][DispatchAsyncMessage] Error: PLayerTransaction::Msg_ReleaseLayer Processing error: message was deserialized, but the handler returned false (indicating failure)

IPDL protocol error: Handler returned error code!

###!!! [Parent][DispatchAsyncMessage] Error: PLayerTransaction::Msg_ReleaseLayer Processing error: message was deserialized, but the handler returned false (indicating failure)

IPDL protocol error: Handler returned error code!

###!!! [Parent][DispatchAsyncMessage] Error: PLayerTransaction::Msg_ReleaseLayer Processing error: message was deserialized, but the handler returned false (indicating failure)

IPDL protocol error: Handler returned error code!

###!!! [Parent][DispatchAsyncMessage] Error: PLayerTransaction::Msg_ReleaseLayer Processing error: message was deserialized, but the handler returned false (indicating failure)

IPDL protocol error: Handler returned error code!

###!!! [Parent][DispatchAsyncMessage] Error: PLayerTransaction::Msg_ReleaseLayer Processing error: message was deserialized, but the handler returned false (indicating failure)

IPDL protocol error: Handler returned error code!

###!!! [Parent][DispatchAsyncMessage] Error: PLayerTransaction::Msg_ReleaseLayer Processing error: message was deserialized, but the handler returned false (indicating failure)

IPDL protocol error: Handler returned error code!

###!!! [Parent][DispatchAsyncMessage] Error: PLayerTransaction::Msg_ReleaseLayer Processing error: message was deserialized, but the handler returned false (indicating failure)

1513322479332	geckodriver	INFO	geckodriver 0.19.1
1513322479402	geckodriver	INFO	Listening on 127.0.0.1:65067
1513322480464	mozrunner::runner	INFO	Running command: "/Applications/Firefox.app/Contents/MacOS/firefox-bin" "-marionette" "-profile" "/var/folders/n5/d59dwg8s1ggbrnvbvk4tl4140000gn/T/rust_mozprofile.IGu3wnvRKVo9"
1513322481772	Marionette	INFO	Enabled via --marionette
2017-12-15 16:21:22.926 plugin-container[10042:254763] *** CFMessagePort: bootstrap_register(): failed 1100 (0x44c) 'Permission denied', port = 0x853f, name = 'com.apple.tsm.portname'
See /usr/include/servers/bootstrap_defs.h for the error codes.
1513322483405	Marionette	INFO	Listening on port 65073
1513322483497	Marionette	WARN	TLS certificate errors will be ignored for this session
1513322483566	Marionette	DEBUG	Register listener.js for window 2147483649
1513322483630	Marionette	DEBUG	Received DOM event "beforeunload" for "about:blank"
1513322483860	Marionette	DEBUG	Received DOM event "pagehide" for "about:blank"
1513322483861	Marionette	DEBUG	Received DOM event "unload" for "about:blank"
1513322483910	Marionette	DEBUG	Received DOM event "DOMContentLoaded" for "http://www.instagram.com/explore/tags/%EC%83%A4%EB%A1%9C%EC%88%98%EA%B8%B8"
1513322484108	Marionette	DEBUG	Received DOM event "pageshow" for "http://www.instagram.com/explore/tags/%EC%83%A4%EB%A1%9C%EC%88%98%EA%B8%B8"
1513322510132	geckodriver	INFO	geckodriver 0.19.1
1513322510225	geckodriver	INFO	Listening on 127.0.0.1:65166
1513322511256	mozrunner::runner	INFO	Running command: "/Applications/Firefox.app/Contents/MacOS/firefox-bin" "-marionette" "-profile" "/var/folders/n5/d59dwg8s1ggbrnvbvk4tl4140000gn/T/rust_mozprofile.roFCXsUxZiKh"
1513322511846	Marionette	INFO	Enabled via --marionette
2017-12-15 16:21:52.925 plugin-container[10095:256034] *** CFMessagePort: bootstrap_register(): failed 1100 (0x44c) 'Permission denied', port = 0x873f, name = 'com.apple.tsm.portname'
See /usr/include/servers/bootstrap_defs.h for the error codes.
1513322513393	Marionette	INFO	Listening on port 65172
1513322513480	Marionette	WARN	TLS certificate errors will be ignored for this session
1513322513554	Marionette	DEBUG	Register listener.js for window 2147483649
1513322513619	Marionette	DEBUG	Received DOM event "beforeunload" for "about:blank"
1513322513669	Marionette	DEBUG	Received DOM event "pagehide" for "about:blank"
1513322513670	Marionette	DEBUG	Received DOM event "unload" for "about:blank"
1513322513716	Marionette	DEBUG	Received DOM event "DOMContentLoaded" for "http://www.instagram.com/explore/tags/%EC%83%A4%EB%A1%9C%EC%88%98%EA%B8%B8"
1513322513934	Marionette	DEBUG	Received DOM event "pageshow" for "http://www.instagram.com/explore/tags/%EC%83%A4%EB%A1%9C%EC%88%98%EA%B8%B8"
1513322722119	geckodriver	INFO	geckodriver 0.19.1
1513322722218	geckodriver	INFO	Listening on 127.0.0.1:65306
1513322723243	mozrunner::runner	INFO	Running command: "/Applications/Firefox.app/Contents/MacOS/firefox-bin" "-marionette" "-profile" "/var/folders/n5/d59dwg8s1ggbrnvbvk4tl4140000gn/T/rust_mozprofile.pgM7RUj1RXdW"
1513322723841	Marionette	INFO	Enabled via --marionette
2017-12-15 16:25:24.872 plugin-container[10326:262121] *** CFMessagePort: bootstrap_register(): failed 1100 (0x44c) 'Permission denied', port = 0x7903, name = 'com.apple.tsm.portname'
See /usr/include/servers/bootstrap_defs.h for the error codes.
1513322725405	Marionette	INFO	Listening on port 65312
1513322725448	Marionette	WARN	TLS certificate errors will be ignored for this session
1513322725519	Marionette	DEBUG	Register listener.js for window 2147483649
1513322725588	Marionette	DEBUG	Received DOM event "beforeunload" for "about:blank"
1513322725659	Marionette	DEBUG	Received DOM event "pagehide" for "about:blank"
1513322725659	Marionette	DEBUG	Received DOM event "unload" for "about:blank"
1513322725706	Marionette	DEBUG	Received DOM event "DOMContentLoaded" for "http://www.instagram.com/explore/tags/%EC%83%A4%EB%A1%9C%EC%88%98%EA%B8%B8"
1513322725995	Marionette	DEBUG	Received DOM event "pageshow" for "http://www.instagram.com/explore/tags/%EC%83%A4%EB%A1%9C%EC%88%98%EA%B8%B8"
1513322771827	geckodriver	INFO	geckodriver 0.19.1
1513322772003	geckodriver	INFO	Listening on 127.0.0.1:65397
1513322772955	mozrunner::runner	INFO	Running command: "/Applications/Firefox.app/Contents/MacOS/firefox-bin" "-marionette" "-profile" "/var/folders/n5/d59dwg8s1ggbrnvbvk4tl4140000gn/T/rust_mozprofile.X6sSgkZOufGV"
1513322773610	Marionette	INFO	Enabled via --marionette
2017-12-15 16:26:14.774 plugin-container[10389:264226] *** CFMessagePort: bootstrap_register(): failed 1100 (0x44c) 'Permission denied', port = 0x7303, name = 'com.apple.tsm.portname'
See /usr/include/servers/bootstrap_defs.h for the error codes.
1513322775423	Marionette	INFO	Listening on port 65403
1513322775520	Marionette	WARN	TLS certificate errors will be ignored for this session
1513322775610	Marionette	DEBUG	Register listener.js for window 2147483649
1513322775807	Marionette	DEBUG	Received DOM event "beforeunload" for "about:blank"
1513322775911	Marionette	DEBUG	Received DOM event "pagehide" for "about:blank"
1513322775912	Marionette	DEBUG	Received DOM event "unload" for "about:blank"
1513322776047	Marionette	DEBUG	Received DOM event "DOMContentLoaded" for "http://www.instagram.com/explore/tags/%EC%83%A4%EB%A1%9C%EC%88%98%EA%B8%B8"
1513322776895	Marionette	DEBUG	Received DOM event "pageshow" for "http://www.instagram.com/explore/tags/%EC%83%A4%EB%A1%9C%EC%88%98%EA%B8%B8"

###!!! [Parent][MessageChannel] Error: (msgtype=0x10003,name=PAPZ::Msg_RequestContentRepaint) Channel error: cannot send/recv


###!!! [Parent][RunMessage] Error: Channel error: cannot send/recv


###!!! [Parent][RunMessage] Error: Channel error: cannot send/recv


###!!! [Parent][RunMessage] Error: Channel error: cannot send/recv


###!!! [Parent][RunMessage] Error: Channel error: cannot send/recv


###!!! [Parent][RunMessage] Error: Channel error: cannot send/recv


###!!! [Parent][RunMessage] Error: Channel error: cannot send/recv


###!!! [Parent][RunMessage] Error: Channel error: cannot send/recv


###!!! [Parent][RunMessage] Error: Channel error: cannot send/recv


###!!! [Parent][RunMessage] Error: Channel error: cannot send/recv


###!!! [Parent][RunMessage] Error: Channel error: cannot send/recv


###!!! [Parent][RunMessage] Error: Channel error: cannot send/recv


###!!! [Parent][RunMessage] Error: Channel error: cannot send/recv


###!!! [Parent][RunMessage] Error: Channel error: cannot send/recv


###!!! [Parent][RunMessage] Error: Channel error: cannot send/recv


###!!! [Parent][RunMessage] Error: Channel error: cannot send/recv


###!!! [Parent][RunMessage] Error: Channel error: cannot send/recv


###!!! [Parent][RunMessage] Error: Channel error: cannot send/recv


###!!! [Parent][RunMessage] Error: Channel error: cannot send/recv


###!!! [Parent][RunMessage] Error: Channel error: cannot send/recv


###!!! [Parent][RunMessage] Error: Channel error: cannot send/recv


###!!! [Parent][RunMessage] Error: Channel error: cannot send/recv


###!!! [Parent][RunMessage] Error: Channel error: cannot send/recv


###!!! [Parent][RunMessage] Error: Channel error: cannot send/recv


###!!! [Parent][RunMessage] Error: Channel error: cannot send/recv


###!!! [Parent][RunMessage] Error: Channel error: cannot send/recv


###!!! [Parent][RunMessage] Error: Channel error: cannot send/recv


###!!! [Parent][RunMessage] Error: Channel error: cannot send/recv


###!!! [Parent][RunMessage] Error: Channel error: cannot send/recv


###!!! [Parent][RunMessage] Error: Channel error: cannot send/recv


###!!! [Parent][RunMessage] Error: Channel error: cannot send/recv


###!!! [Parent][RunMessage] Error: Channel error: cannot send/recv


###!!! [Parent][RunMessage] Error: Channel error: cannot send/recv


###!!! [Parent][RunMessage] Error: Channel error: cannot send/recv


###!!! [Parent][RunMessage] Error: Channel error: cannot send/recv


###!!! [Parent][RunMessage] Error: Channel error: cannot send/recv


###!!! [Parent][MessageChannel] Error: (msgtype=0x200002,name=PCompositorBridge::Msg_DidComposite) Channel error: cannot send/recv


###!!! [Parent][RunMessage] Error: Channel error: cannot send/recv


###!!! [Parent][RunMessage] Error: Channel error: cannot send/recv


###!!! [Parent][RunMessage] Error: Channel error: cannot send/recv


###!!! [Parent][RunMessage] Error: Channel error: cannot send/recv


###!!! [Parent][RunMessage] Error: Channel error: cannot send/recv


###!!! [Parent][RunMessage] Error: Channel error: cannot send/recv


###!!! [Parent][RunMessage] Error: Channel error: cannot send/recv


###!!! [Parent][RunMessage] Error: Channel error: cannot send/recv


###!!! [Parent][RunMessage] Error: Channel error: cannot send/recv


###!!! [Parent][RunMessage] Error: Channel error: cannot send/recv


###!!! [Parent][RunMessage] Error: Channel error: cannot send/recv


###!!! [Parent][RunMessage] Error: Channel error: cannot send/recv


###!!! [Parent][RunMessage] Error: Channel error: cannot send/recv


###!!! [Parent][RunMessage] Error: Channel error: cannot send/recv


###!!! [Parent][RunMessage] Error: Channel error: cannot send/recv


###!!! [Parent][RunMessage] Error: Channel error: cannot send/recv


###!!! [Parent][RunMessage] Error: Channel error: cannot send/recv


###!!! [Parent][RunMessage] Error: Channel error: cannot send/recv


###!!! [Parent][RunMessage] Error: Channel error: cannot send/recv


###!!! [Parent][RunMessage] Error: Channel error: cannot send/recv


###!!! [Parent][RunMessage] Error: Channel error: cannot send/recv


###!!! [Parent][RunMessage] Error: Channel error: cannot send/recv


###!!! [Parent][RunMessage] Error: Channel error: cannot send/recv


###!!! [Parent][RunMessage] Error: Channel error: cannot send/recv


###!!! [Parent][RunMessage] Error: Channel error: cannot send/recv


###!!! [Parent][RunMessage] Error: Channel error: cannot send/recv


###!!! [Parent][RunMessage] Error: Channel error: cannot send/recv


###!!! [Parent][RunMessage] Error: Channel error: cannot send/recv


###!!! [Parent][RunMessage] Error: Channel error: cannot send/recv


###!!! [Parent][RunMessage] Error: Channel error: cannot send/recv


###!!! [Parent][RunMessage] Error: Channel error: cannot send/recv


###!!! [Parent][RunMessage] Error: Channel error: cannot send/recv


###!!! [Parent][RunMessage] Error: Channel error: cannot send/recv


###!!! [Parent][RunMessage] Error: Channel error: cannot send/recv


###!!! [Parent][RunMessage] Error: Channel error: cannot send/recv


###!!! [Parent][RunMessage] Error: Channel error: cannot send/recv


###!!! [Parent][RunMessage] Error: Channel error: cannot send/recv


###!!! [Parent][RunMessage] Error: Channel error: cannot send/recv


###!!! [Parent][RunMessage] Error: Channel error: cannot send/recv


###!!! [Parent][RunMessage] Error: Channel error: cannot send/recv


###!!! [Parent][RunMessage] Error: Channel error: cannot send/recv


###!!! [Parent][RunMessage] Error: Channel error: cannot send/recv


###!!! [Parent][RunMessage] Error: Channel error: cannot send/recv


###!!! [Parent][RunMessage] Error: Channel error: cannot send/recv


###!!! [Parent][RunMessage] Error: Channel error: cannot send/recv


###!!! [Parent][RunMessage] Error: Channel error: cannot send/recv


###!!! [Parent][MessageChannel] Error: (msgtype=0x1000B,name=PAPZ::Msg_Destroy) Channel error: cannot send/recv


###!!! [Parent][RunMessage] Error: Channel closing: too late to send/recv, messages will be lost


###!!! [Child][RunMessage] Error: Channel closing: too late to send/recv, messages will be lost

*** UTM:SVC TimerManager:registerTimer called after profile-before-change notification. Ignoring timer registration for id: telemetry_modules_ping
1513322839964	geckodriver	INFO	geckodriver 0.19.1
1513322840066	geckodriver	INFO	Listening on 127.0.0.1:65493
1513322841160	mozrunner::runner	INFO	Running command: "/Applications/Firefox.app/Contents/MacOS/firefox-bin" "-marionette" "-profile" "/var/folders/n5/d59dwg8s1ggbrnvbvk4tl4140000gn/T/rust_mozprofile.Ch71396GaAbF"
1513322841785	Marionette	INFO	Enabled via --marionette
2017-12-15 16:27:22.922 plugin-container[10458:266192] *** CFMessagePort: bootstrap_register(): failed 1100 (0x44c) 'Permission denied', port = 0x7e07, name = 'com.apple.tsm.portname'
See /usr/include/servers/bootstrap_defs.h for the error codes.
1513322843422	Marionette	INFO	Listening on port 65499
1513322843492	Marionette	WARN	TLS certificate errors will be ignored for this session
1513322843586	Marionette	DEBUG	Register listener.js for window 2147483649
1513322843647	Marionette	DEBUG	Received DOM event "beforeunload" for "about:blank"
1513322843735	Marionette	DEBUG	Received DOM event "pagehide" for "about:blank"
1513322843735	Marionette	DEBUG	Received DOM event "unload" for "about:blank"
1513322843799	Marionette	DEBUG	Received DOM event "DOMContentLoaded" for "http://www.instagram.com/explore/tags/%EC%83%A4%EB%A1%9C%EC%88%98%EA%B8%B8"
1513322844068	Marionette	DEBUG	Received DOM event "pageshow" for "http://www.instagram.com/explore/tags/%EC%83%A4%EB%A1%9C%EC%88%98%EA%B8%B8"
1513322851471	geckodriver	INFO	geckodriver 0.19.1
1513322851756	geckodriver	INFO	Listening on 127.0.0.1:49195
1513322852873	mozrunner::runner	INFO	Running command: "/Applications/Firefox.app/Contents/MacOS/firefox-bin" "-marionette" "-profile" "/var/folders/n5/d59dwg8s1ggbrnvbvk4tl4140000gn/T/rust_mozprofile.oPVmJ21bskNB"
1513322854439	Marionette	INFO	Enabled via --marionette
2017-12-15 16:27:36.227 plugin-container[10502:267177] *** CFMessagePort: bootstrap_register(): failed 1100 (0x44c) 'Permission denied', port = 0x873f, name = 'com.apple.tsm.portname'
See /usr/include/servers/bootstrap_defs.h for the error codes.
1513322857016	Marionette	INFO	Listening on port 49201
1513322857066	Marionette	WARN	TLS certificate errors will be ignored for this session
1513322857204	Marionette	DEBUG	Register listener.js for window 2147483649
1513322857294	Marionette	DEBUG	Received DOM event "beforeunload" for "about:blank"
1513322857366	Marionette	DEBUG	Received DOM event "pagehide" for "about:blank"
1513322857366	Marionette	DEBUG	Received DOM event "unload" for "about:blank"
1513322857458	Marionette	DEBUG	Received DOM event "DOMContentLoaded" for "http://www.instagram.com/explore/tags/%EC%83%A4%EB%A1%9C%EC%88%98%EA%B8%B8"
1513322857861	Marionette	DEBUG	Received DOM event "pageshow" for "http://www.instagram.com/explore/tags/%EC%83%A4%EB%A1%9C%EC%88%98%EA%B8%B8"
1513322912529	geckodriver	INFO	geckodriver 0.19.1
1513322912617	geckodriver	INFO	Listening on 127.0.0.1:49324
1513322913672	mozrunner::runner	INFO	Running command: "/Applications/Firefox.app/Contents/MacOS/firefox-bin" "-marionette" "-profile" "/var/folders/n5/d59dwg8s1ggbrnvbvk4tl4140000gn/T/rust_mozprofile.KgmZungZkeeO"
1513322914361	Marionette	INFO	Enabled via --marionette
2017-12-15 16:28:35.667 plugin-container[10566:269096] *** CFMessagePort: bootstrap_register(): failed 1100 (0x44c) 'Permission denied', port = 0x752b, name = 'com.apple.tsm.portname'
See /usr/include/servers/bootstrap_defs.h for the error codes.
1513322916286	Marionette	INFO	Listening on port 49330
1513322916394	Marionette	WARN	TLS certificate errors will be ignored for this session
1513322916501	Marionette	DEBUG	Register listener.js for window 2147483649
1513322916569	Marionette	DEBUG	Received DOM event "beforeunload" for "about:blank"
1513322916614	Marionette	DEBUG	Received DOM event "pagehide" for "about:blank"
1513322916614	Marionette	DEBUG	Received DOM event "unload" for "about:blank"
1513322916678	Marionette	DEBUG	Received DOM event "DOMContentLoaded" for "http://www.instagram.com/explore/tags/%EC%83%A4%EB%A1%9C%EC%88%98%EA%B8%B8"
1513322916967	Marionette	DEBUG	Received DOM event "pageshow" for "http://www.instagram.com/explore/tags/%EC%83%A4%EB%A1%9C%EC%88%98%EA%B8%B8"
1513323081260	geckodriver	INFO	geckodriver 0.19.1
1513323081393	geckodriver	INFO	Listening on 127.0.0.1:49545
1513323082508	mozrunner::runner	INFO	Running command: "/Applications/Firefox.app/Contents/MacOS/firefox-bin" "-marionette" "-profile" "/var/folders/n5/d59dwg8s1ggbrnvbvk4tl4140000gn/T/rust_mozprofile.yYiE2H3hgu4a"
1513323083269	Marionette	INFO	Enabled via --marionette
2017-12-15 16:31:24.971 plugin-container[10808:276046] *** CFMessagePort: bootstrap_register(): failed 1100 (0x44c) 'Permission denied', port = 0x7d47, name = 'com.apple.tsm.portname'
See /usr/include/servers/bootstrap_defs.h for the error codes.
1513323085666	Marionette	INFO	Listening on port 49551
1513323085771	Marionette	WARN	TLS certificate errors will be ignored for this session
1513323085861	Marionette	DEBUG	Register listener.js for window 2147483649
1513323085928	Marionette	DEBUG	Received DOM event "beforeunload" for "about:blank"
1513323085991	Marionette	DEBUG	Received DOM event "pagehide" for "about:blank"
1513323085992	Marionette	DEBUG	Received DOM event "unload" for "about:blank"
1513323086059	Marionette	DEBUG	Received DOM event "DOMContentLoaded" for "http://www.instagram.com/explore/tags/%EC%83%A4%EB%A1%9C%EC%88%98%EA%B8%B8"
1513323086437	Marionette	DEBUG	Received DOM event "pageshow" for "http://www.instagram.com/explore/tags/%EC%83%A4%EB%A1%9C%EC%88%98%EA%B8%B8"
1513323101681	geckodriver	INFO	geckodriver 0.19.1
1513323102254	geckodriver	INFO	Listening on 127.0.0.1:49647
1513323103323	mozrunner::runner	INFO	Running command: "/Applications/Firefox.app/Contents/MacOS/firefox-bin" "-marionette" "-profile" "/var/folders/n5/d59dwg8s1ggbrnvbvk4tl4140000gn/T/rust_mozprofile.FyqSfo2Jhfvd"
1513323105314	Marionette	INFO	Enabled via --marionette
2017-12-15 16:31:51.175 plugin-container[10857:277232] *** CFMessagePort: bootstrap_register(): failed 1100 (0x44c) 'Permission denied', port = 0x7e47, name = 'com.apple.tsm.portname'
See /usr/include/servers/bootstrap_defs.h for the error codes.
1513323113866	Marionette	INFO	Listening on port 49653
1513323114131	Marionette	WARN	TLS certificate errors will be ignored for this session
1513323114428	Marionette	DEBUG	Register listener.js for window 2147483649
1513323114754	Marionette	DEBUG	Received DOM event "beforeunload" for "about:blank"
1513323114803	Marionette	DEBUG	Received DOM event "pagehide" for "about:blank"
1513323114803	Marionette	DEBUG	Received DOM event "unload" for "about:blank"
1513323114908	Marionette	DEBUG	Received DOM event "DOMContentLoaded" for "http://www.instagram.com/explore/tags/%EC%83%A4%EB%A1%9C%EC%88%98%EA%B8%B8"
1513323115499	Marionette	DEBUG	Received DOM event "pageshow" for "http://www.instagram.com/explore/tags/%EC%83%A4%EB%A1%9C%EC%88%98%EA%B8%B8"

###!!! [Parent][MessageChannel] Error: (msgtype=0x10003,name=PAPZ::Msg_RequestContentRepaint) Channel error: cannot send/recv


###!!! [Parent][RunMessage] Error: Channel error: cannot send/recv


###!!! [Parent][RunMessage] Error: Channel error: cannot send/recv


###!!! [Parent][RunMessage] Error: Channel error: cannot send/recv


###!!! [Parent][RunMessage] Error: Channel error: cannot send/recv


###!!! [Parent][RunMessage] Error: Channel error: cannot send/recv


###!!! [Parent][RunMessage] Error: Channel error: cannot send/recv


###!!! [Parent][RunMessage] Error: Channel error: cannot send/recv


###!!! [Parent][RunMessage] Error: Channel error: cannot send/recv


###!!! [Parent][RunMessage] Error: Channel error: cannot send/recv


###!!! [Parent][RunMessage] Error: Channel error: cannot send/recv


###!!! [Parent][RunMessage] Error: Channel error: cannot send/recv


###!!! [Parent][RunMessage] Error: Channel error: cannot send/recv


###!!! [Parent][RunMessage] Error: Channel error: cannot send/recv


###!!! [Parent][RunMessage] Error: Channel error: cannot send/recv


###!!! [Parent][RunMessage] Error: Channel error: cannot send/recv


###!!! [Parent][RunMessage] Error: Channel error: cannot send/recv


###!!! [Parent][RunMessage] Error: Channel error: cannot send/recv


###!!! [Parent][RunMessage] Error: Channel error: cannot send/recv


###!!! [Parent][RunMessage] Error: Channel error: cannot send/recv


###!!! [Parent][RunMessage] Error: Channel error: cannot send/recv


###!!! [Parent][RunMessage] Error: Channel error: cannot send/recv


###!!! [Parent][RunMessage] Error: Channel error: cannot send/recv


###!!! [Parent][RunMessage] Error: Channel error: cannot send/recv


###!!! [Parent][RunMessage] Error: Channel error: cannot send/recv


###!!! [Parent][RunMessage] Error: Channel error: cannot send/recv


###!!! [Parent][RunMessage] Error: Channel error: cannot send/recv


###!!! [Parent][RunMessage] Error: Channel error: cannot send/recv


###!!! [Parent][RunMessage] Error: Channel error: cannot send/recv


###!!! [Parent][RunMessage] Error: Channel error: cannot send/recv


###!!! [Parent][RunMessage] Error: Channel error: cannot send/recv


###!!! [Parent][RunMessage] Error: Channel error: cannot send/recv


###!!! [Parent][RunMessage] Error: Channel error: cannot send/recv


###!!! [Parent][RunMessage] Error: Channel error: cannot send/recv


###!!! [Parent][RunMessage] Error: Channel error: cannot send/recv


###!!! [Parent][RunMessage] Error: Channel error: cannot send/recv


###!!! [Parent][RunMessage] Error: Channel error: cannot send/recv


###!!! [Parent][RunMessage] Error: Channel error: cannot send/recv


###!!! [Parent][RunMessage] Error: Channel error: cannot send/recv


###!!! [Parent][RunMessage] Error: Channel error: cannot send/recv


###!!! [Parent][RunMessage] Error: Channel error: cannot send/recv


###!!! [Parent][RunMessage] Error: Channel error: cannot send/recv


###!!! [Parent][RunMessage] Error: Channel error: cannot send/recv


###!!! [Parent][RunMessage] Error: Channel error: cannot send/recv


###!!! [Parent][RunMessage] Error: Channel error: cannot send/recv


###!!! [Parent][RunMessage] Error: Channel error: cannot send/recv


###!!! [Parent][RunMessage] Error: Channel error: cannot send/recv


###!!! [Parent][RunMessage] Error: Channel error: cannot send/recv


###!!! [Parent][RunMessage] Error: Channel error: cannot send/recv


###!!! [Parent][RunMessage] Error: Channel error: cannot send/recv


###!!! [Parent][RunMessage] Error: Channel error: cannot send/recv


###!!! [Parent][RunMessage] Error: Channel error: cannot send/recv


###!!! [Parent][RunMessage] Error: Channel error: cannot send/recv


###!!! [Parent][RunMessage] Error: Channel error: cannot send/recv


###!!! [Parent][RunMessage] Error: Channel error: cannot send/recv


###!!! [Parent][RunMessage] Error: Channel error: cannot send/recv


###!!! [Parent][RunMessage] Error: Channel error: cannot send/recv


###!!! [Parent][RunMessage] Error: Channel error: cannot send/recv


###!!! [Parent][RunMessage] Error: Channel error: cannot send/recv


###!!! [Parent][RunMessage] Error: Channel error: cannot send/recv


###!!! [Parent][RunMessage] Error: Channel error: cannot send/recv


###!!! [Parent][RunMessage] Error: Channel error: cannot send/recv


###!!! [Parent][RunMessage] Error: Channel error: cannot send/recv


###!!! [Parent][RunMessage] Error: Channel error: cannot send/recv


###!!! [Parent][RunMessage] Error: Channel error: cannot send/recv


###!!! [Parent][RunMessage] Error: Channel error: cannot send/recv


###!!! [Parent][RunMessage] Error: Channel error: cannot send/recv


###!!! [Parent][RunMessage] Error: Channel error: cannot send/recv


###!!! [Parent][RunMessage] Error: Channel error: cannot send/recv


###!!! [Parent][RunMessage] Error: Channel error: cannot send/recv


###!!! [Parent][RunMessage] Error: Channel error: cannot send/recv


###!!! [Parent][RunMessage] Error: Channel error: cannot send/recv


###!!! [Parent][RunMessage] Error: Channel error: cannot send/recv


###!!! [Parent][RunMessage] Error: Channel error: cannot send/recv


###!!! [Parent][RunMessage] Error: Channel error: cannot send/recv


###!!! [Parent][RunMessage] Error: Channel error: cannot send/recv


###!!! [Parent][RunMessage] Error: Channel error: cannot send/recv


###!!! [Parent][RunMessage] Error: Channel error: cannot send/recv


###!!! [Parent][RunMessage] Error: Channel error: cannot send/recv


###!!! [Parent][RunMessage] Error: Channel error: cannot send/recv


###!!! [Parent][MessageChannel] Error: (msgtype=0x1000B,name=PAPZ::Msg_Destroy) Channel error: cannot send/recv


###!!! [Child][RunMessage] Error: Channel closing: too late to send/recv, messages will be lost

[Child 10808, Chrome_ChildThread] WARNING: pipe error: Broken pipe: file /builds/worker/workspace/build/src/ipc/chromium/src/chrome/common/ipc_channel_posix.cc, line 709
*** UTM:SVC TimerManager:registerTimer called after profile-before-change notification. Ignoring timer registration for id: telemetry_modules_ping
1513323147455	geckodriver	INFO	geckodriver 0.19.1
1513323147540	geckodriver	INFO	Listening on 127.0.0.1:49876
1513323148566	mozrunner::runner	INFO	Running command: "/Applications/Firefox.app/Contents/MacOS/firefox-bin" "-marionette" "-profile" "/var/folders/n5/d59dwg8s1ggbrnvbvk4tl4140000gn/T/rust_mozprofile.pt7uttbtQWQh"
1513323149131	Marionette	INFO	Enabled via --marionette
2017-12-15 16:32:30.194 plugin-container[10916:278739] *** CFMessagePort: bootstrap_register(): failed 1100 (0x44c) 'Permission denied', port = 0x803f, name = 'com.apple.tsm.portname'
See /usr/include/servers/bootstrap_defs.h for the error codes.
*** UTM:SVC TimerManager:registerTimer called after profile-before-change notification. Ignoring timer registration for id: telemetry_modules_ping
1513323151146	Marionette	INFO	Listening on port 49882
1513323151272	Marionette	WARN	TLS certificate errors will be ignored for this session
1513323151360	Marionette	DEBUG	Register listener.js for window 2147483649
1513323151423	Marionette	DEBUG	Received DOM event "beforeunload" for "about:blank"
1513323151517	Marionette	DEBUG	Received DOM event "pagehide" for "about:blank"
1513323151518	Marionette	DEBUG	Received DOM event "unload" for "about:blank"
1513323151605	Marionette	DEBUG	Received DOM event "DOMContentLoaded" for "http://www.instagram.com/explore/tags/%EC%83%A4%EB%A1%9C%EC%88%98%EA%B8%B8"
1513323151878	Marionette	DEBUG	Received DOM event "pageshow" for "http://www.instagram.com/explore/tags/%EC%83%A4%EB%A1%9C%EC%88%98%EA%B8%B8"
1513323188578	geckodriver	INFO	geckodriver 0.19.1
1513323188660	geckodriver	INFO	Listening on 127.0.0.1:49972
1513323189701	mozrunner::runner	INFO	Running command: "/Applications/Firefox.app/Contents/MacOS/firefox-bin" "-marionette" "-profile" "/var/folders/n5/d59dwg8s1ggbrnvbvk4tl4140000gn/T/rust_mozprofile.4RdToWSvFQyu"
1513323190296	Marionette	INFO	Enabled via --marionette
2017-12-15 16:33:11.384 plugin-container[10976:280318] *** CFMessagePort: bootstrap_register(): failed 1100 (0x44c) 'Permission denied', port = 0x8543, name = 'com.apple.tsm.portname'
See /usr/include/servers/bootstrap_defs.h for the error codes.
1513323192358	Marionette	INFO	Listening on port 49978
1513323192525	Marionette	WARN	TLS certificate errors will be ignored for this session
1513323192637	Marionette	DEBUG	Register listener.js for window 2147483649
1513323192701	Marionette	DEBUG	Received DOM event "beforeunload" for "about:blank"
1513323192759	Marionette	DEBUG	Received DOM event "pagehide" for "about:blank"
1513323192759	Marionette	DEBUG	Received DOM event "unload" for "about:blank"
1513323192799	Marionette	DEBUG	Received DOM event "DOMContentLoaded" for "http://www.instagram.com/explore/tags/%EC%83%A4%EB%A1%9C%EC%88%98%EA%B8%B8"
1513323193127	Marionette	DEBUG	Received DOM event "pageshow" for "http://www.instagram.com/explore/tags/%EC%83%A4%EB%A1%9C%EC%88%98%EA%B8%B8"
1513323230993	geckodriver	INFO	geckodriver 0.19.1
1513323231109	geckodriver	INFO	Listening on 127.0.0.1:50077
1513323232586	mozrunner::runner	INFO	Running command: "/Applications/Firefox.app/Contents/MacOS/firefox-bin" "-marionette" "-profile" "/var/folders/n5/d59dwg8s1ggbrnvbvk4tl4140000gn/T/rust_mozprofile.8OmD2hdQRZfE"
1513323234208	Marionette	INFO	Enabled via --marionette
2017-12-15 16:33:56.992 plugin-container[11041:282179] *** CFMessagePort: bootstrap_register(): failed 1100 (0x44c) 'Permission denied', port = 0x7343, name = 'com.apple.tsm.portname'
See /usr/include/servers/bootstrap_defs.h for the error codes.
1513323238150	Marionette	INFO	Listening on port 50083
1513323238240	Marionette	WARN	TLS certificate errors will be ignored for this session
1513323238350	Marionette	DEBUG	Register listener.js for window 2147483649
1513323238408	Marionette	DEBUG	Received DOM event "beforeunload" for "about:blank"
1513323238461	Marionette	DEBUG	Received DOM event "pagehide" for "about:blank"
1513323238461	Marionette	DEBUG	Received DOM event "unload" for "about:blank"
1513323238536	Marionette	DEBUG	Received DOM event "DOMContentLoaded" for "http://www.instagram.com/explore/tags/%EC%83%A4%EB%A1%9C%EC%88%98%EA%B8%B8"
1513323238912	Marionette	DEBUG	Received DOM event "pageshow" for "http://www.instagram.com/explore/tags/%EC%83%A4%EB%A1%9C%EC%88%98%EA%B8%B8"
*** UTM:SVC TimerManager:registerTimer called after profile-before-change notification. Ignoring timer registration for id: telemetry_modules_ping
1513323628468	geckodriver	INFO	geckodriver 0.19.1
1513323628552	geckodriver	INFO	Listening on 127.0.0.1:51672
1513323629607	mozrunner::runner	INFO	Running command: "/Applications/Firefox.app/Contents/MacOS/firefox-bin" "-marionette" "-profile" "/var/folders/n5/d59dwg8s1ggbrnvbvk4tl4140000gn/T/rust_mozprofile.P4ucBDBtc7Ef"
1513323630245	Marionette	INFO	Enabled via --marionette
2017-12-15 16:40:31.394 plugin-container[11299:292705] *** CFMessagePort: bootstrap_register(): failed 1100 (0x44c) 'Permission denied', port = 0x7647, name = 'com.apple.tsm.portname'
See /usr/include/servers/bootstrap_defs.h for the error codes.
1513323631964	Marionette	INFO	Listening on port 51682
1513323632033	Marionette	WARN	TLS certificate errors will be ignored for this session
1513323632112	Marionette	DEBUG	Register listener.js for window 2147483649
1513323632198	Marionette	DEBUG	Received DOM event "beforeunload" for "about:blank"
1513323632291	Marionette	DEBUG	Received DOM event "pagehide" for "about:blank"
1513323632292	Marionette	DEBUG	Received DOM event "unload" for "about:blank"
1513323632371	Marionette	DEBUG	Received DOM event "DOMContentLoaded" for "http://www.instagram.com/explore/tags/%EC%83%A4%EB%A1%9C%EC%88%98%EA%B8%B8"
1513323632733	Marionette	DEBUG	Received DOM event "pageshow" for "http://www.instagram.com/explore/tags/%EC%83%A4%EB%A1%9C%EC%88%98%EA%B8%B8"
1513323661115	geckodriver	INFO	geckodriver 0.19.1
1513323661199	geckodriver	INFO	Listening on 127.0.0.1:51885
1513323662246	mozrunner::runner	INFO	Running command: "/Applications/Firefox.app/Contents/MacOS/firefox-bin" "-marionette" "-profile" "/var/folders/n5/d59dwg8s1ggbrnvbvk4tl4140000gn/T/rust_mozprofile.cwIe16brDQ0n"
1513323662893	Marionette	INFO	Enabled via --marionette
2017-12-15 16:41:04.186 plugin-container[11350:293963] *** CFMessagePort: bootstrap_register(): failed 1100 (0x44c) 'Permission denied', port = 0x7e43, name = 'com.apple.tsm.portname'
See /usr/include/servers/bootstrap_defs.h for the error codes.
1513323664911	Marionette	INFO	Listening on port 51895
1513323665005	Marionette	WARN	TLS certificate errors will be ignored for this session
1513323665126	Marionette	DEBUG	Register listener.js for window 2147483649
1513323665218	Marionette	DEBUG	Received DOM event "beforeunload" for "about:blank"
1513323665300	Marionette	DEBUG	Received DOM event "pagehide" for "about:blank"
1513323665300	Marionette	DEBUG	Received DOM event "unload" for "about:blank"
1513323665388	Marionette	DEBUG	Received DOM event "DOMContentLoaded" for "http://www.instagram.com/explore/tags/%EC%83%A4%EB%A1%9C%EC%88%98%EA%B8%B8"
1513323665646	Marionette	DEBUG	Received DOM event "pageshow" for "http://www.instagram.com/explore/tags/%EC%83%A4%EB%A1%9C%EC%88%98%EA%B8%B8"
1513323678028	geckodriver	INFO	geckodriver 0.19.1
1513323678339	geckodriver	INFO	Listening on 127.0.0.1:52044
1513323679203	mozrunner::runner	INFO	Running command: "/Applications/Firefox.app/Contents/MacOS/firefox-bin" "-marionette" "-profile" "/var/folders/n5/d59dwg8s1ggbrnvbvk4tl4140000gn/T/rust_mozprofile.uUjqWSvaXEjH"
1513323679964	Marionette	INFO	Enabled via --marionette
2017-12-15 16:41:22.697 plugin-container[11394:294951] *** CFMessagePort: bootstrap_register(): failed 1100 (0x44c) 'Permission denied', port = 0x7f3f, name = 'com.apple.tsm.portname'
See /usr/include/servers/bootstrap_defs.h for the error codes.
1513323683623	Marionette	INFO	Listening on port 52059
1513323683654	Marionette	WARN	TLS certificate errors will be ignored for this session
1513323683757	Marionette	DEBUG	Register listener.js for window 2147483649
1513323683815	Marionette	DEBUG	Received DOM event "beforeunload" for "about:blank"
1513323683860	Marionette	DEBUG	Received DOM event "pagehide" for "about:blank"
1513323683860	Marionette	DEBUG	Received DOM event "unload" for "about:blank"
1513323683969	Marionette	DEBUG	Received DOM event "DOMContentLoaded" for "http://www.instagram.com/explore/tags/%EC%83%A4%EB%A1%9C%EC%88%98%EA%B8%B8"
1513323684295	Marionette	DEBUG	Received DOM event "pageshow" for "http://www.instagram.com/explore/tags/%EC%83%A4%EB%A1%9C%EC%88%98%EA%B8%B8"
1513323712133	geckodriver	INFO	geckodriver 0.19.1
1513323712223	geckodriver	INFO	Listening on 127.0.0.1:52301
1513323713278	mozrunner::runner	INFO	Running command: "/Applications/Firefox.app/Contents/MacOS/firefox-bin" "-marionette" "-profile" "/var/folders/n5/d59dwg8s1ggbrnvbvk4tl4140000gn/T/rust_mozprofile.qkfKYluXWckb"
1513323714042	Marionette	INFO	Enabled via --marionette
2017-12-15 16:41:55.832 plugin-container[11446:296425] *** CFMessagePort: bootstrap_register(): failed 1100 (0x44c) 'Permission denied', port = 0x800b, name = 'com.apple.tsm.portname'
See /usr/include/servers/bootstrap_defs.h for the error codes.
1513323716650	Marionette	INFO	Listening on port 52311
1513323716809	Marionette	WARN	TLS certificate errors will be ignored for this session
1513323716957	Marionette	DEBUG	Register listener.js for window 2147483649
1513323717078	Marionette	DEBUG	Received DOM event "beforeunload" for "about:blank"
1513323717175	Marionette	DEBUG	Received DOM event "pagehide" for "about:blank"
1513323717176	Marionette	DEBUG	Received DOM event "unload" for "about:blank"
1513323717275	Marionette	DEBUG	Received DOM event "DOMContentLoaded" for "http://www.instagram.com/explore/tags/%EC%83%A4%EB%A1%9C%EC%88%98%EA%B8%B8"
1513323717677	Marionette	DEBUG	Received DOM event "pageshow" for "http://www.instagram.com/explore/tags/%EC%83%A4%EB%A1%9C%EC%88%98%EA%B8%B8"
1513323753878	geckodriver	INFO	geckodriver 0.19.1
1513323754000	geckodriver	INFO	Listening on 127.0.0.1:52570
1513323755017	mozrunner::runner	INFO	Running command: "/Applications/Firefox.app/Contents/MacOS/firefox-bin" "-marionette" "-profile" "/var/folders/n5/d59dwg8s1ggbrnvbvk4tl4140000gn/T/rust_mozprofile.yVM6ZV87N3ZV"
1513323755714	Marionette	INFO	Enabled via --marionette
2017-12-15 16:42:37.064 plugin-container[11504:297917] *** CFMessagePort: bootstrap_register(): failed 1100 (0x44c) 'Permission denied', port = 0x7c37, name = 'com.apple.tsm.portname'
See /usr/include/servers/bootstrap_defs.h for the error codes.
1513323757618	Marionette	INFO	Listening on port 52580
1513323757702	Marionette	WARN	TLS certificate errors will be ignored for this session
1513323757774	Marionette	DEBUG	Register listener.js for window 2147483649
1513323757862	Marionette	DEBUG	Received DOM event "beforeunload" for "about:blank"
1513323757921	Marionette	DEBUG	Received DOM event "pagehide" for "about:blank"
1513323757922	Marionette	DEBUG	Received DOM event "unload" for "about:blank"
1513323757973	Marionette	DEBUG	Received DOM event "DOMContentLoaded" for "http://www.instagram.com/explore/tags/%EC%83%A4%EB%A1%9C%EC%88%98%EA%B8%B8"
1513323758274	Marionette	DEBUG	Received DOM event "pageshow" for "http://www.instagram.com/explore/tags/%EC%83%A4%EB%A1%9C%EC%88%98%EA%B8%B8"
1513323764310	Marionette	DEBUG	Received observer notification "outer-window-destroyed" for "2147483663"
1513323764684	Marionette	DEBUG	Canceled page load listener because no navigation has been detected

###!!! [Child][RunMessage] Error: Channel closing: too late to send/recv, messages will be lost


###!!! [Parent][MessageChannel] Error: (msgtype=0x66000F,name=PServiceWorkerManager::Msg___delete__) Channel closing: too late to send/recv, messages will be lost


###!!! [Child][RunMessage] Error: Channel closing: too late to send/recv, messages will be lost


###!!! [Child][RunMessage] Error: Channel closing: too late to send/recv, messages will be lost

1513323826507	geckodriver	INFO	geckodriver 0.19.1
1513323826591	geckodriver	INFO	Listening on 127.0.0.1:52897
1513323827638	mozrunner::runner	INFO	Running command: "/Applications/Firefox.app/Contents/MacOS/firefox-bin" "-marionette" "-profile" "/var/folders/n5/d59dwg8s1ggbrnvbvk4tl4140000gn/T/rust_mozprofile.zUld0v1uF7fm"
1513323828592	Marionette	INFO	Enabled via --marionette
2017-12-15 16:43:49.971 plugin-container[11572:299900] *** CFMessagePort: bootstrap_register(): failed 1100 (0x44c) 'Permission denied', port = 0x8343, name = 'com.apple.tsm.portname'
See /usr/include/servers/bootstrap_defs.h for the error codes.
1513323830868	Marionette	INFO	Listening on port 52907
1513323830927	Marionette	WARN	TLS certificate errors will be ignored for this session
1513323831018	Marionette	DEBUG	Register listener.js for window 2147483649
1513323831071	Marionette	DEBUG	Received DOM event "beforeunload" for "about:blank"
1513323831132	Marionette	DEBUG	Received DOM event "pagehide" for "about:blank"
1513323831132	Marionette	DEBUG	Received DOM event "unload" for "about:blank"
1513323831173	Marionette	DEBUG	Received DOM event "DOMContentLoaded" for "http://www.instagram.com/explore/tags/%EC%83%A4%EB%A1%9C%EC%88%98%EA%B8%B8"
1513323831421	Marionette	DEBUG	Received DOM event "pageshow" for "http://www.instagram.com/explore/tags/%EC%83%A4%EB%A1%9C%EC%88%98%EA%B8%B8"
1513323837287	Marionette	DEBUG	Received observer notification "outer-window-destroyed" for "2147483663"
1513323837316	Marionette	DEBUG	Canceled page load listener because no navigation has been detected
1513323868949	geckodriver	INFO	geckodriver 0.19.1
1513323869076	geckodriver	INFO	Listening on 127.0.0.1:53289
1513323870117	mozrunner::runner	INFO	Running command: "/Applications/Firefox.app/Contents/MacOS/firefox-bin" "-marionette" "-profile" "/var/folders/n5/d59dwg8s1ggbrnvbvk4tl4140000gn/T/rust_mozprofile.0JOeHwi3WQEE"
1513323871024	Marionette	INFO	Enabled via --marionette
2017-12-15 16:44:33.082 plugin-container[11628:301261] *** CFMessagePort: bootstrap_register(): failed 1100 (0x44c) 'Permission denied', port = 0x8447, name = 'com.apple.tsm.portname'
See /usr/include/servers/bootstrap_defs.h for the error codes.

###!!! [Child][RunMessage] Error: Channel closing: too late to send/recv, messages will be lost

*** UTM:SVC TimerManager:registerTimer called after profile-before-change notification. Ignoring timer registration for id: telemetry_modules_ping
1513323874258	Marionette	INFO	Listening on port 53299
1513323874359	Marionette	WARN	TLS certificate errors will be ignored for this session
1513323874452	Marionette	DEBUG	Register listener.js for window 2147483649
1513323874551	Marionette	DEBUG	Received DOM event "beforeunload" for "about:blank"
1513323874801	Marionette	DEBUG	Received DOM event "pagehide" for "about:blank"
1513323874802	Marionette	DEBUG	Received DOM event "unload" for "about:blank"
1513323874854	Marionette	DEBUG	Received DOM event "DOMContentLoaded" for "http://www.instagram.com/explore/tags/%EC%83%A4%EB%A1%9C%EC%88%98%EA%B8%B8"
1513323875116	Marionette	DEBUG	Received DOM event "pageshow" for "http://www.instagram.com/explore/tags/%EC%83%A4%EB%A1%9C%EC%88%98%EA%B8%B8"
1513323880913	Marionette	DEBUG	Received observer notification "outer-window-destroyed" for "2147483663"
1513323880954	Marionette	DEBUG	Canceled page load listener because no navigation has been detected
*** UTM:SVC TimerManager:registerTimer called after profile-before-change notification. Ignoring timer registration for id: telemetry_modules_ping
